[35m[1mScanning dependencies of target ur16e_kin[0m
[  3%] [32mBuilding CXX object CMakeFiles/ur16e_kin.dir/src/ur_kin.cpp.o[0m
[  7%] [32m[1mLinking CXX shared library /home/thtstation1/thtr_bachelor_ws/devel/.private/ur_kinematics/lib/libur16e_kin.so[0m
[  7%] Built target ur16e_kin
[35m[1mScanning dependencies of target ur10e_kin[0m
[ 10%] [32mBuilding CXX object CMakeFiles/ur10e_kin.dir/src/ur_kin.cpp.o[0m
[35m[1mScanning dependencies of target ur10_kin[0m
[ 14%] [32mBuilding CXX object CMakeFiles/ur10_kin.dir/src/ur_kin.cpp.o[0m
[35m[1mScanning dependencies of target ur3e_kin[0m
[ 17%] [32mBuilding CXX object CMakeFiles/ur3e_kin.dir/src/ur_kin.cpp.o[0m
[ 21%] [32m[1mLinking CXX shared library /home/thtstation1/thtr_bachelor_ws/devel/.private/ur_kinematics/lib/libur10e_kin.so[0m
[ 21%] Built target ur10e_kin
[35m[1mScanning dependencies of target ur3_kin[0m
[ 25%] [32mBuilding CXX object CMakeFiles/ur3_kin.dir/src/ur_kin.cpp.o[0m
[35m[1mScanning dependencies of target ur5_kin[0m
[ 28%] [32mBuilding CXX object CMakeFiles/ur5_kin.dir/src/ur_kin.cpp.o[0m
[ 32%] [32m[1mLinking CXX shared library /home/thtstation1/thtr_bachelor_ws/devel/.private/ur_kinematics/lib/libur10_kin.so[0m
[ 35%] [32m[1mLinking CXX shared library /home/thtstation1/thtr_bachelor_ws/devel/.private/ur_kinematics/lib/libur3e_kin.so[0m
[ 35%] Built target ur10_kin
[ 35%] Built target ur3e_kin
[ 39%] [32m[1mLinking CXX shared library /home/thtstation1/thtr_bachelor_ws/devel/.private/ur_kinematics/lib/libur3_kin.so[0m
[ 42%] [32m[1mLinking CXX shared library /home/thtstation1/thtr_bachelor_ws/devel/.private/ur_kinematics/lib/libur5_kin.so[0m
[ 42%] Built target ur3_kin
[ 42%] Built target ur5_kin
[35m[1mScanning dependencies of target ur5e_kin[0m
[ 46%] [32mBuilding CXX object CMakeFiles/ur5e_kin.dir/src/ur_kin.cpp.o[0m
[ 50%] [32m[1mLinking CXX shared library /home/thtstation1/thtr_bachelor_ws/devel/.private/ur_kinematics/lib/libur5e_kin.so[0m
[ 50%] Built target ur5e_kin
[35m[1mScanning dependencies of target ur16e_moveit_plugin[0m
[ 53%] [32mBuilding CXX object CMakeFiles/ur16e_moveit_plugin.dir/src/ur_moveit_plugin.cpp.o[0m
In file included from [01m[K/home/thtstation1/thtr_bachelor_ws/src/universal_robot/ur_kinematics/src/ur_moveit_plugin.cpp:75[m[K:
[01m[K/opt/ros/noetic/include/class_loader/class_loader.h:40:2:[m[K [01;35m[Kwarning: [m[K#warning Including header <class_loader/class_loader.h> is deprecated, include <class_loader/class_loader.hpp> instead. [[01;35m[K-Wcpp[m[K]
   40 | #[01;35m[Kwarning[m[K Including header <class_loader/class_loader.h> is deprecated, \
      |  [01;35m[K^~~~~~~[m[K
[01m[K/home/thtstation1/thtr_bachelor_ws/src/universal_robot/ur_kinematics/src/ur_moveit_plugin.cpp:[m[K In member function ‘[01m[Kvirtual bool ur_kinematics::URKinematicsPlugin::initialize(const string&, const string&, const string&, const string&, double)[m[K’:
[01m[K/home/thtstation1/thtr_bachelor_ws/src/universal_robot/ur_kinematics/src/ur_moveit_plugin.cpp:174:88:[m[K [01;35m[Kwarning: [m[K‘[01m[Kvirtual void kinematics::KinematicsBase::setValues(const string&, const string&, const string&, const string&, double)[m[K’ is deprecated [[01;35m[K-Wdeprecated-declarations[m[K]
  174 |   setValues(robot_description, group_name, base_frame, tip_frame, search_discretization[01;35m[K)[m[K;
      |                                                                                        [01;35m[K^[m[K
In file included from [01m[K/home/thtstation1/thtr_bachelor_ws/src/universal_robot/ur_kinematics/include/ur_kinematics/ur_moveit_plugin.h:100[m[K,
                 from [01m[K/home/thtstation1/thtr_bachelor_ws/src/universal_robot/ur_kinematics/src/ur_moveit_plugin.cpp:88[m[K:
[01m[K/opt/ros/noetic/include/moveit/kinematics_base/kinematics_base.h:345:31:[m[K [01;36m[Knote: [m[Kdeclared here
  345 |   [[deprecated]] virtual void [01;36m[KsetValues[m[K(const std::string& robot_description, const std::string& group_name,
      |                               [01;36m[K^~~~~~~~~[m[K
[35m[1mScanning dependencies of target ur10e_moveit_plugin[0m
[ 57%] [32mBuilding CXX object CMakeFiles/ur10e_moveit_plugin.dir/src/ur_moveit_plugin.cpp.o[0m
In file included from [01m[K/home/thtstation1/thtr_bachelor_ws/src/universal_robot/ur_kinematics/src/ur_moveit_plugin.cpp:75[m[K:
[01m[K/opt/ros/noetic/include/class_loader/class_loader.h:40:2:[m[K [01;35m[Kwarning: [m[K#warning Including header <class_loader/class_loader.h> is deprecated, include <class_loader/class_loader.hpp> instead. [[01;35m[K-Wcpp[m[K]
   40 | #[01;35m[Kwarning[m[K Including header <class_loader/class_loader.h> is deprecated, \
      |  [01;35m[K^~~~~~~[m[K
[35m[1mScanning dependencies of target ur10_moveit_plugin[0m
[ 60%] [32mBuilding CXX object CMakeFiles/ur10_moveit_plugin.dir/src/ur_moveit_plugin.cpp.o[0m
In file included from [01m[K/home/thtstation1/thtr_bachelor_ws/src/universal_robot/ur_kinematics/src/ur_moveit_plugin.cpp:75[m[K:
[01m[K/opt/ros/noetic/include/class_loader/class_loader.h:40:2:[m[K [01;35m[Kwarning: [m[K#warning Including header <class_loader/class_loader.h> is deprecated, include <class_loader/class_loader.hpp> instead. [[01;35m[K-Wcpp[m[K]
   40 | #[01;35m[Kwarning[m[K Including header <class_loader/class_loader.h> is deprecated, \
      |  [01;35m[K^~~~~~~[m[K
[35m[1mScanning dependencies of target ur3e_moveit_plugin[0m
[ 64%] [32mBuilding CXX object CMakeFiles/ur3e_moveit_plugin.dir/src/ur_moveit_plugin.cpp.o[0m
In file included from [01m[K/home/thtstation1/thtr_bachelor_ws/src/universal_robot/ur_kinematics/src/ur_moveit_plugin.cpp:75[m[K:
[01m[K/opt/ros/noetic/include/class_loader/class_loader.h:40:2:[m[K [01;35m[Kwarning: [m[K#warning Including header <class_loader/class_loader.h> is deprecated, include <class_loader/class_loader.hpp> instead. [[01;35m[K-Wcpp[m[K]
   40 | #[01;35m[Kwarning[m[K Including header <class_loader/class_loader.h> is deprecated, \
      |  [01;35m[K^~~~~~~[m[K
[35m[1mScanning dependencies of target ur3_moveit_plugin[0m
[ 67%] [32mBuilding CXX object CMakeFiles/ur3_moveit_plugin.dir/src/ur_moveit_plugin.cpp.o[0m
In file included from [01m[K/home/thtstation1/thtr_bachelor_ws/src/universal_robot/ur_kinematics/src/ur_moveit_plugin.cpp:75[m[K:
[01m[K/opt/ros/noetic/include/class_loader/class_loader.h:40:2:[m[K [01;35m[Kwarning: [m[K#warning Including header <class_loader/class_loader.h> is deprecated, include <class_loader/class_loader.hpp> instead. [[01;35m[K-Wcpp[m[K]
   40 | #[01;35m[Kwarning[m[K Including header <class_loader/class_loader.h> is deprecated, \
      |  [01;35m[K^~~~~~~[m[K
[35m[1mScanning dependencies of target ur5_moveit_plugin[0m
[ 71%] [32mBuilding CXX object CMakeFiles/ur5_moveit_plugin.dir/src/ur_moveit_plugin.cpp.o[0m
In file included from [01m[K/home/thtstation1/thtr_bachelor_ws/src/universal_robot/ur_kinematics/src/ur_moveit_plugin.cpp:75[m[K:
[01m[K/opt/ros/noetic/include/class_loader/class_loader.h:40:2:[m[K [01;35m[Kwarning: [m[K#warning Including header <class_loader/class_loader.h> is deprecated, include <class_loader/class_loader.hpp> instead. [[01;35m[K-Wcpp[m[K]
   40 | #[01;35m[Kwarning[m[K Including header <class_loader/class_loader.h> is deprecated, \
      |  [01;35m[K^~~~~~~[m[K
[35m[1mScanning dependencies of target ur5e_moveit_plugin[0m
[ 75%] [32mBuilding CXX object CMakeFiles/ur5e_moveit_plugin.dir/src/ur_moveit_plugin.cpp.o[0m
In file included from [01m[K/home/thtstation1/thtr_bachelor_ws/src/universal_robot/ur_kinematics/src/ur_moveit_plugin.cpp:75[m[K:
[01m[K/opt/ros/noetic/include/class_loader/class_loader.h:40:2:[m[K [01;35m[Kwarning: [m[K#warning Including header <class_loader/class_loader.h> is deprecated, include <class_loader/class_loader.hpp> instead. [[01;35m[K-Wcpp[m[K]
   40 | #[01;35m[Kwarning[m[K Including header <class_loader/class_loader.h> is deprecated, \
      |  [01;35m[K^~~~~~~[m[K
[ 78%] [32m[1mLinking CXX shared library /home/thtstation1/thtr_bachelor_ws/devel/.private/ur_kinematics/lib/libur16e_moveit_plugin.so[0m
[ 78%] Built target ur16e_moveit_plugin
[01m[K/home/thtstation1/thtr_bachelor_ws/src/universal_robot/ur_kinematics/src/ur_moveit_plugin.cpp:[m[K In member function ‘[01m[Kvirtual bool ur_kinematics::URKinematicsPlugin::initialize(const string&, const string&, const string&, const string&, double)[m[K’:
[01m[K/home/thtstation1/thtr_bachelor_ws/src/universal_robot/ur_kinematics/src/ur_moveit_plugin.cpp:174:88:[m[K [01;35m[Kwarning: [m[K‘[01m[Kvirtual void kinematics::KinematicsBase::setValues(const string&, const string&, const string&, const string&, double)[m[K’ is deprecated [[01;35m[K-Wdeprecated-declarations[m[K]
  174 |   setValues(robot_description, group_name, base_frame, tip_frame, search_discretization[01;35m[K)[m[K;
      |                                                                                        [01;35m[K^[m[K
In file included from [01m[K/home/thtstation1/thtr_bachelor_ws/src/universal_robot/ur_kinematics/include/ur_kinematics/ur_moveit_plugin.h:100[m[K,
                 from [01m[K/home/thtstation1/thtr_bachelor_ws/src/universal_robot/ur_kinematics/src/ur_moveit_plugin.cpp:88[m[K:
[01m[K/opt/ros/noetic/include/moveit/kinematics_base/kinematics_base.h:345:31:[m[K [01;36m[Knote: [m[Kdeclared here
  345 |   [[deprecated]] virtual void [01;36m[KsetValues[m[K(const std::string& robot_description, const std::string& group_name,
      |                               [01;36m[K^~~~~~~~~[m[K
[01m[K/home/thtstation1/thtr_bachelor_ws/src/universal_robot/ur_kinematics/src/ur_moveit_plugin.cpp:[m[K In member function ‘[01m[Kvirtual bool ur_kinematics::URKinematicsPlugin::initialize(const string&, const string&, const string&, const string&, double)[m[K’:
[01m[K/home/thtstation1/thtr_bachelor_ws/src/universal_robot/ur_kinematics/src/ur_moveit_plugin.cpp:174:88:[m[K [01;35m[Kwarning: [m[K‘[01m[Kvirtual void kinematics::KinematicsBase::setValues(const string&, const string&, const string&, const string&, double)[m[K’ is deprecated [[01;35m[K-Wdeprecated-declarations[m[K]
  174 |   setValues(robot_description, group_name, base_frame, tip_frame, search_discretization[01;35m[K)[m[K;
      |                                                                                        [01;35m[K^[m[K
In file included from [01m[K/home/thtstation1/thtr_bachelor_ws/src/universal_robot/ur_kinematics/include/ur_kinematics/ur_moveit_plugin.h:100[m[K,
                 from [01m[K/home/thtstation1/thtr_bachelor_ws/src/universal_robot/ur_kinematics/src/ur_moveit_plugin.cpp:88[m[K:
[01m[K/opt/ros/noetic/include/moveit/kinematics_base/kinematics_base.h:345:31:[m[K [01;36m[Knote: [m[Kdeclared here
  345 |   [[deprecated]] virtual void [01;36m[KsetValues[m[K(const std::string& robot_description, const std::string& group_name,
      |                               [01;36m[K^~~~~~~~~[m[K
[01m[K/home/thtstation1/thtr_bachelor_ws/src/universal_robot/ur_kinematics/src/ur_moveit_plugin.cpp:[m[K In member function ‘[01m[Kvirtual bool ur_kinematics::URKinematicsPlugin::initialize(const string&, const string&, const string&, const string&, double)[m[K’:
[01m[K/home/thtstation1/thtr_bachelor_ws/src/universal_robot/ur_kinematics/src/ur_moveit_plugin.cpp:174:88:[m[K [01;35m[Kwarning: [m[K‘[01m[Kvirtual void kinematics::KinematicsBase::setValues(const string&, const string&, const string&, const string&, double)[m[K’ is deprecated [[01;35m[K-Wdeprecated-declarations[m[K]
  174 |   setValues(robot_description, group_name, base_frame, tip_frame, search_discretization[01;35m[K)[m[K;
      |                                                                                        [01;35m[K^[m[K
In file included from [01m[K/home/thtstation1/thtr_bachelor_ws/src/universal_robot/ur_kinematics/include/ur_kinematics/ur_moveit_plugin.h:100[m[K,
                 from [01m[K/home/thtstation1/thtr_bachelor_ws/src/universal_robot/ur_kinematics/src/ur_moveit_plugin.cpp:88[m[K:
[01m[K/opt/ros/noetic/include/moveit/kinematics_base/kinematics_base.h:345:31:[m[K [01;36m[Knote: [m[Kdeclared here
  345 |   [[deprecated]] virtual void [01;36m[KsetValues[m[K(const std::string& robot_description, const std::string& group_name,
      |                               [01;36m[K^~~~~~~~~[m[K
[01m[K/home/thtstation1/thtr_bachelor_ws/src/universal_robot/ur_kinematics/src/ur_moveit_plugin.cpp:[m[K In member function ‘[01m[Kvirtual bool ur_kinematics::URKinematicsPlugin::initialize(const string&, const string&, const string&, const string&, double)[m[K’:
[01m[K/home/thtstation1/thtr_bachelor_ws/src/universal_robot/ur_kinematics/src/ur_moveit_plugin.cpp:174:88:[m[K [01;35m[Kwarning: [m[K‘[01m[Kvirtual void kinematics::KinematicsBase::setValues(const string&, const string&, const string&, const string&, double)[m[K’ is deprecated [[01;35m[K-Wdeprecated-declarations[m[K]
  174 |   setValues(robot_description, group_name, base_frame, tip_frame, search_discretization[01;35m[K)[m[K;
      |                                                                                        [01;35m[K^[m[K
In file included from [01m[K/home/thtstation1/thtr_bachelor_ws/src/universal_robot/ur_kinematics/include/ur_kinematics/ur_moveit_plugin.h:100[m[K,
                 from [01m[K/home/thtstation1/thtr_bachelor_ws/src/universal_robot/ur_kinematics/src/ur_moveit_plugin.cpp:88[m[K:
[01m[K/opt/ros/noetic/include/moveit/kinematics_base/kinematics_base.h:345:31:[m[K [01;36m[Knote: [m[Kdeclared here
  345 |   [[deprecated]] virtual void [01;36m[KsetValues[m[K(const std::string& robot_description, const std::string& group_name,
      |                               [01;36m[K^~~~~~~~~[m[K
[01m[K/home/thtstation1/thtr_bachelor_ws/src/universal_robot/ur_kinematics/src/ur_moveit_plugin.cpp:[m[K In member function ‘[01m[Kvirtual bool ur_kinematics::URKinematicsPlugin::initialize(const string&, const string&, const string&, const string&, double)[m[K’:
[01m[K/home/thtstation1/thtr_bachelor_ws/src/universal_robot/ur_kinematics/src/ur_moveit_plugin.cpp:174:88:[m[K [01;35m[Kwarning: [m[K‘[01m[Kvirtual void kinematics::KinematicsBase::setValues(const string&, const string&, const string&, const string&, double)[m[K’ is deprecated [[01;35m[K-Wdeprecated-declarations[m[K]
  174 |   setValues(robot_description, group_name, base_frame, tip_frame, search_discretization[01;35m[K)[m[K;
      |                                                                                        [01;35m[K^[m[K
In file included from [01m[K/home/thtstation1/thtr_bachelor_ws/src/universal_robot/ur_kinematics/include/ur_kinematics/ur_moveit_plugin.h:100[m[K,
                 from [01m[K/home/thtstation1/thtr_bachelor_ws/src/universal_robot/ur_kinematics/src/ur_moveit_plugin.cpp:88[m[K:
[01m[K/opt/ros/noetic/include/moveit/kinematics_base/kinematics_base.h:345:31:[m[K [01;36m[Knote: [m[Kdeclared here
  345 |   [[deprecated]] virtual void [01;36m[KsetValues[m[K(const std::string& robot_description, const std::string& group_name,
      |                               [01;36m[K^~~~~~~~~[m[K
[01m[K/home/thtstation1/thtr_bachelor_ws/src/universal_robot/ur_kinematics/src/ur_moveit_plugin.cpp:[m[K In member function ‘[01m[Kvirtual bool ur_kinematics::URKinematicsPlugin::initialize(const string&, const string&, const string&, const string&, double)[m[K’:
[01m[K/home/thtstation1/thtr_bachelor_ws/src/universal_robot/ur_kinematics/src/ur_moveit_plugin.cpp:174:88:[m[K [01;35m[Kwarning: [m[K‘[01m[Kvirtual void kinematics::KinematicsBase::setValues(const string&, const string&, const string&, const string&, double)[m[K’ is deprecated [[01;35m[K-Wdeprecated-declarations[m[K]
  174 |   setValues(robot_description, group_name, base_frame, tip_frame, search_discretization[01;35m[K)[m[K;
      |                                                                                        [01;35m[K^[m[K
In file included from [01m[K/home/thtstation1/thtr_bachelor_ws/src/universal_robot/ur_kinematics/include/ur_kinematics/ur_moveit_plugin.h:100[m[K,
                 from [01m[K/home/thtstation1/thtr_bachelor_ws/src/universal_robot/ur_kinematics/src/ur_moveit_plugin.cpp:88[m[K:
[01m[K/opt/ros/noetic/include/moveit/kinematics_base/kinematics_base.h:345:31:[m[K [01;36m[Knote: [m[Kdeclared here
  345 |   [[deprecated]] virtual void [01;36m[KsetValues[m[K(const std::string& robot_description, const std::string& group_name,
      |                               [01;36m[K^~~~~~~~~[m[K
[ 82%] [32m[1mLinking CXX shared library /home/thtstation1/thtr_bachelor_ws/devel/.private/ur_kinematics/lib/libur10e_moveit_plugin.so[0m
[ 85%] [32m[1mLinking CXX shared library /home/thtstation1/thtr_bachelor_ws/devel/.private/ur_kinematics/lib/libur3e_moveit_plugin.so[0m
[ 85%] Built target ur10e_moveit_plugin
[ 85%] Built target ur3e_moveit_plugin
[ 89%] [32m[1mLinking CXX shared library /home/thtstation1/thtr_bachelor_ws/devel/.private/ur_kinematics/lib/libur10_moveit_plugin.so[0m
[ 89%] Built target ur10_moveit_plugin
[ 92%] [32m[1mLinking CXX shared library /home/thtstation1/thtr_bachelor_ws/devel/.private/ur_kinematics/lib/libur3_moveit_plugin.so[0m
[ 96%] [32m[1mLinking CXX shared library /home/thtstation1/thtr_bachelor_ws/devel/.private/ur_kinematics/lib/libur5e_moveit_plugin.so[0m
[ 96%] Built target ur3_moveit_plugin
[100%] [32m[1mLinking CXX shared library /home/thtstation1/thtr_bachelor_ws/devel/.private/ur_kinematics/lib/libur5_moveit_plugin.so[0m
[100%] Built target ur5e_moveit_plugin
[100%] Built target ur5_moveit_plugin
