[  0%] Built target depthai_ros_msgs_generate_messages_lisp
[  0%] Built target rosgraph_msgs_generate_messages_eus
[  0%] Built target roscpp_generate_messages_eus
[  0%] Built target std_msgs_generate_messages_cpp
[  0%] Built target rosgraph_msgs_generate_messages_cpp
[  0%] Built target geometry_msgs_generate_messages_lisp
[  0%] Built target std_msgs_generate_messages_nodejs
[  0%] Built target nodelet_generate_messages_lisp
[  0%] Built target roscpp_generate_messages_lisp
[  0%] Built target roscpp_generate_messages_cpp
[  0%] Built target sensor_msgs_generate_messages_py
[  0%] Built target geometry_msgs_generate_messages_py
[  0%] Built target stereo_msgs_generate_messages_py
[  0%] Built target sensor_msgs_generate_messages_nodejs
[  0%] Built target bond_generate_messages_cpp
[  0%] Built target bond_generate_messages_eus
[  0%] Built target sensor_msgs_generate_messages_eus
[  0%] Built target sensor_msgs_generate_messages_lisp
[  0%] Built target bond_generate_messages_lisp
[  0%] Built target std_msgs_generate_messages_lisp
[  0%] Built target std_msgs_generate_messages_py
[  0%] Built target rosgraph_msgs_generate_messages_py
[  0%] Built target sensor_msgs_generate_messages_cpp
[  0%] Built target roscpp_generate_messages_py
[  0%] Built target depthai_ros_msgs_generate_messages_cpp
[  0%] Built target geometry_msgs_generate_messages_nodejs
[  0%] Built target geometry_msgs_generate_messages_cpp
[  0%] Built target vision_msgs_generate_messages_eus
[  0%] Built target geometry_msgs_generate_messages_eus
[  0%] Built target depthai_ros_msgs_generate_messages_eus
[  0%] Built target roscpp_generate_messages_nodejs
[  0%] Built target stereo_msgs_generate_messages_nodejs
[  0%] Built target rosgraph_msgs_generate_messages_lisp
[  0%] Built target depthai_ros_msgs_generate_messages_nodejs
[  0%] Built target depthai_ros_msgs_generate_messages_py
[  0%] Built target vision_msgs_generate_messages_cpp
[  0%] Built target vision_msgs_generate_messages_py
[  0%] Built target vision_msgs_generate_messages_nodejs
[  0%] Built target std_msgs_generate_messages_eus
[  0%] Built target stereo_msgs_generate_messages_cpp
[  0%] Built target stereo_msgs_generate_messages_lisp
[  0%] Built target stereo_msgs_generate_messages_eus
[  0%] Built target nodelet_generate_messages_cpp
[  0%] Built target rosgraph_msgs_generate_messages_nodejs
[  0%] Built target vision_msgs_generate_messages_lisp
[  0%] Built target nodelet_generate_messages_eus
[  0%] Built target bond_generate_messages_nodejs
[  0%] Built target nodelet_generate_messages_nodejs
[  0%] Built target nodelet_generate_messages_py
[  0%] Built target bond_generate_messages_py
[ 10%] [32mBuilding CXX object CMakeFiles/stereo_node.dir/ros1_src/stereo_publisher.cpp.o[0m
[ 10%] [32mBuilding CXX object CMakeFiles/tht_rgb_node.dir/ros1_src/tht_rgb_publisher.cpp.o[0m
[ 15%] [32mBuilding CXX object CMakeFiles/stereo_inertial_node.dir/ros1_src/stereo_inertial_publisher.cpp.o[0m
[ 20%] [32m[1mLinking CXX executable /home/thtstation1/thtr_bachelor_ws/devel/.private/tht_depthai/lib/tht_depthai/tht_rgb_node[0m
[ 25%] [32m[1mLinking CXX executable /home/thtstation1/thtr_bachelor_ws/devel/.private/tht_depthai/lib/tht_depthai/stereo_node[0m
[ 25%] Built target tht_rgb_node
[ 30%] [32mBuilding CXX object CMakeFiles/rgb_subscriber_node.dir/ros1_src/rgb_video_subscriber.cpp.o[0m
[ 30%] Built target stereo_node
[ 40%] Built target rgb_stereo_node
[ 50%] Built target rgb_node
[ 55%] [32mBuilding CXX object CMakeFiles/yolov4_spatial_node.dir/ros1_src/yolov4_spatial_publisher.cpp.o[0m
[ 60%] [32m[1mLinking CXX executable /home/thtstation1/thtr_bachelor_ws/devel/.private/tht_depthai/lib/tht_depthai/stereo_inertial_node[0m
[ 60%] Built target stereo_inertial_node
[ 70%] Built target mobilenet_node
[ 80%] Built target crop_control_service
[35m[1mScanning dependencies of target nodelet_stereo[0m
[ 85%] [32mBuilding CXX object CMakeFiles/nodelet_stereo.dir/ros1_src/stereo_nodelet.cpp.o[0m
[ 90%] [32m[1mLinking CXX executable /home/thtstation1/thtr_bachelor_ws/devel/.private/tht_depthai/lib/tht_depthai/rgb_subscriber_node[0m
[ 90%] Built target rgb_subscriber_node
[ 95%] [32m[1mLinking CXX executable /home/thtstation1/thtr_bachelor_ws/devel/.private/tht_depthai/lib/tht_depthai/yolov4_spatial_node[0m
[ 95%] Built target yolov4_spatial_node
[100%] [32m[1mLinking CXX shared library /home/thtstation1/thtr_bachelor_ws/devel/.private/tht_depthai/lib/libnodelet_stereo.so[0m
[100%] Built target nodelet_stereo
