Linked: (/home/thtstation1/thtr_bachelor_ws/devel/.private/easy_handeye_msgs/lib/pkgconfig/easy_handeye_msgs.pc, /home/thtstation1/thtr_bachelor_ws/devel/lib/pkgconfig/easy_handeye_msgs.pc)
Linked: (/home/thtstation1/thtr_bachelor_ws/devel/.private/easy_handeye_msgs/lib/python3/dist-packages/easy_handeye_msgs/__init__.py, /home/thtstation1/thtr_bachelor_ws/devel/lib/python3/dist-packages/easy_handeye_msgs/__init__.py)
Linked: (/home/thtstation1/thtr_bachelor_ws/devel/.private/easy_handeye_msgs/lib/python3/dist-packages/easy_handeye_msgs/msg/_TargetPoseList.py, /home/thtstation1/thtr_bachelor_ws/devel/lib/python3/dist-packages/easy_handeye_msgs/msg/_TargetPoseList.py)
Linked: (/home/thtstation1/thtr_bachelor_ws/devel/.private/easy_handeye_msgs/lib/python3/dist-packages/easy_handeye_msgs/msg/_HandeyeCalibration.py, /home/thtstation1/thtr_bachelor_ws/devel/lib/python3/dist-packages/easy_handeye_msgs/msg/_HandeyeCalibration.py)
Linked: (/home/thtstation1/thtr_bachelor_ws/devel/.private/easy_handeye_msgs/lib/python3/dist-packages/easy_handeye_msgs/msg/__init__.py, /home/thtstation1/thtr_bachelor_ws/devel/lib/python3/dist-packages/easy_handeye_msgs/msg/__init__.py)
Linked: (/home/thtstation1/thtr_bachelor_ws/devel/.private/easy_handeye_msgs/lib/python3/dist-packages/easy_handeye_msgs/msg/_SampleList.py, /home/thtstation1/thtr_bachelor_ws/devel/lib/python3/dist-packages/easy_handeye_msgs/msg/_SampleList.py)
Linked: (/home/thtstation1/thtr_bachelor_ws/devel/.private/easy_handeye_msgs/lib/python3/dist-packages/easy_handeye_msgs/srv/_CheckStartingPose.py, /home/thtstation1/thtr_bachelor_ws/devel/lib/python3/dist-packages/easy_handeye_msgs/srv/_CheckStartingPose.py)
Linked: (/home/thtstation1/thtr_bachelor_ws/devel/.private/easy_handeye_msgs/lib/python3/dist-packages/easy_handeye_msgs/srv/_ExecutePlan.py, /home/thtstation1/thtr_bachelor_ws/devel/lib/python3/dist-packages/easy_handeye_msgs/srv/_ExecutePlan.py)
Linked: (/home/thtstation1/thtr_bachelor_ws/devel/.private/easy_handeye_msgs/lib/python3/dist-packages/easy_handeye_msgs/srv/_PlanToSelectedTargetPose.py, /home/thtstation1/thtr_bachelor_ws/devel/lib/python3/dist-packages/easy_handeye_msgs/srv/_PlanToSelectedTargetPose.py)
Linked: (/home/thtstation1/thtr_bachelor_ws/devel/.private/easy_handeye_msgs/lib/python3/dist-packages/easy_handeye_msgs/srv/_SelectTargetPose.py, /home/thtstation1/thtr_bachelor_ws/devel/lib/python3/dist-packages/easy_handeye_msgs/srv/_SelectTargetPose.py)
Linked: (/home/thtstation1/thtr_bachelor_ws/devel/.private/easy_handeye_msgs/lib/python3/dist-packages/easy_handeye_msgs/srv/__init__.py, /home/thtstation1/thtr_bachelor_ws/devel/lib/python3/dist-packages/easy_handeye_msgs/srv/__init__.py)
Linked: (/home/thtstation1/thtr_bachelor_ws/devel/.private/easy_handeye_msgs/lib/python3/dist-packages/easy_handeye_msgs/srv/_RemoveSample.py, /home/thtstation1/thtr_bachelor_ws/devel/lib/python3/dist-packages/easy_handeye_msgs/srv/_RemoveSample.py)
Linked: (/home/thtstation1/thtr_bachelor_ws/devel/.private/easy_handeye_msgs/lib/python3/dist-packages/easy_handeye_msgs/srv/_ListAlgorithms.py, /home/thtstation1/thtr_bachelor_ws/devel/lib/python3/dist-packages/easy_handeye_msgs/srv/_ListAlgorithms.py)
Linked: (/home/thtstation1/thtr_bachelor_ws/devel/.private/easy_handeye_msgs/lib/python3/dist-packages/easy_handeye_msgs/srv/_EnumerateTargetPoses.py, /home/thtstation1/thtr_bachelor_ws/devel/lib/python3/dist-packages/easy_handeye_msgs/srv/_EnumerateTargetPoses.py)
Linked: (/home/thtstation1/thtr_bachelor_ws/devel/.private/easy_handeye_msgs/lib/python3/dist-packages/easy_handeye_msgs/srv/_TakeSample.py, /home/thtstation1/thtr_bachelor_ws/devel/lib/python3/dist-packages/easy_handeye_msgs/srv/_TakeSample.py)
Linked: (/home/thtstation1/thtr_bachelor_ws/devel/.private/easy_handeye_msgs/lib/python3/dist-packages/easy_handeye_msgs/srv/_ComputeCalibration.py, /home/thtstation1/thtr_bachelor_ws/devel/lib/python3/dist-packages/easy_handeye_msgs/srv/_ComputeCalibration.py)
Linked: (/home/thtstation1/thtr_bachelor_ws/devel/.private/easy_handeye_msgs/lib/python3/dist-packages/easy_handeye_msgs/srv/_SetAlgorithm.py, /home/thtstation1/thtr_bachelor_ws/devel/lib/python3/dist-packages/easy_handeye_msgs/srv/_SetAlgorithm.py)
Linked: (/home/thtstation1/thtr_bachelor_ws/devel/.private/easy_handeye_msgs/share/common-lisp/ros/easy_handeye_msgs/msg/_package_HandeyeCalibration.lisp, /home/thtstation1/thtr_bachelor_ws/devel/share/common-lisp/ros/easy_handeye_msgs/msg/_package_HandeyeCalibration.lisp)
Linked: (/home/thtstation1/thtr_bachelor_ws/devel/.private/easy_handeye_msgs/share/common-lisp/ros/easy_handeye_msgs/msg/HandeyeCalibration.lisp, /home/thtstation1/thtr_bachelor_ws/devel/share/common-lisp/ros/easy_handeye_msgs/msg/HandeyeCalibration.lisp)
Linked: (/home/thtstation1/thtr_bachelor_ws/devel/.private/easy_handeye_msgs/share/common-lisp/ros/easy_handeye_msgs/msg/_package_TargetPoseList.lisp, /home/thtstation1/thtr_bachelor_ws/devel/share/common-lisp/ros/easy_handeye_msgs/msg/_package_TargetPoseList.lisp)
Linked: (/home/thtstation1/thtr_bachelor_ws/devel/.private/easy_handeye_msgs/share/common-lisp/ros/easy_handeye_msgs/msg/_package.lisp, /home/thtstation1/thtr_bachelor_ws/devel/share/common-lisp/ros/easy_handeye_msgs/msg/_package.lisp)
Linked: (/home/thtstation1/thtr_bachelor_ws/devel/.private/easy_handeye_msgs/share/common-lisp/ros/easy_handeye_msgs/msg/easy_handeye_msgs-msg.asd, /home/thtstation1/thtr_bachelor_ws/devel/share/common-lisp/ros/easy_handeye_msgs/msg/easy_handeye_msgs-msg.asd)
Linked: (/home/thtstation1/thtr_bachelor_ws/devel/.private/easy_handeye_msgs/share/common-lisp/ros/easy_handeye_msgs/msg/_package_SampleList.lisp, /home/thtstation1/thtr_bachelor_ws/devel/share/common-lisp/ros/easy_handeye_msgs/msg/_package_SampleList.lisp)
Linked: (/home/thtstation1/thtr_bachelor_ws/devel/.private/easy_handeye_msgs/share/common-lisp/ros/easy_handeye_msgs/msg/TargetPoseList.lisp, /home/thtstation1/thtr_bachelor_ws/devel/share/common-lisp/ros/easy_handeye_msgs/msg/TargetPoseList.lisp)
Linked: (/home/thtstation1/thtr_bachelor_ws/devel/.private/easy_handeye_msgs/share/common-lisp/ros/easy_handeye_msgs/msg/SampleList.lisp, /home/thtstation1/thtr_bachelor_ws/devel/share/common-lisp/ros/easy_handeye_msgs/msg/SampleList.lisp)
Linked: (/home/thtstation1/thtr_bachelor_ws/devel/.private/easy_handeye_msgs/share/common-lisp/ros/easy_handeye_msgs/srv/_package.lisp, /home/thtstation1/thtr_bachelor_ws/devel/share/common-lisp/ros/easy_handeye_msgs/srv/_package.lisp)
Linked: (/home/thtstation1/thtr_bachelor_ws/devel/.private/easy_handeye_msgs/share/common-lisp/ros/easy_handeye_msgs/srv/_package_TakeSample.lisp, /home/thtstation1/thtr_bachelor_ws/devel/share/common-lisp/ros/easy_handeye_msgs/srv/_package_TakeSample.lisp)
Linked: (/home/thtstation1/thtr_bachelor_ws/devel/.private/easy_handeye_msgs/share/common-lisp/ros/easy_handeye_msgs/srv/_package_ListAlgorithms.lisp, /home/thtstation1/thtr_bachelor_ws/devel/share/common-lisp/ros/easy_handeye_msgs/srv/_package_ListAlgorithms.lisp)
Linked: (/home/thtstation1/thtr_bachelor_ws/devel/.private/easy_handeye_msgs/share/common-lisp/ros/easy_handeye_msgs/srv/easy_handeye_msgs-srv.asd, /home/thtstation1/thtr_bachelor_ws/devel/share/common-lisp/ros/easy_handeye_msgs/srv/easy_handeye_msgs-srv.asd)
Linked: (/home/thtstation1/thtr_bachelor_ws/devel/.private/easy_handeye_msgs/share/common-lisp/ros/easy_handeye_msgs/srv/ExecutePlan.lisp, /home/thtstation1/thtr_bachelor_ws/devel/share/common-lisp/ros/easy_handeye_msgs/srv/ExecutePlan.lisp)
Linked: (/home/thtstation1/thtr_bachelor_ws/devel/.private/easy_handeye_msgs/share/common-lisp/ros/easy_handeye_msgs/srv/_package_SetAlgorithm.lisp, /home/thtstation1/thtr_bachelor_ws/devel/share/common-lisp/ros/easy_handeye_msgs/srv/_package_SetAlgorithm.lisp)
Linked: (/home/thtstation1/thtr_bachelor_ws/devel/.private/easy_handeye_msgs/share/common-lisp/ros/easy_handeye_msgs/srv/TakeSample.lisp, /home/thtstation1/thtr_bachelor_ws/devel/share/common-lisp/ros/easy_handeye_msgs/srv/TakeSample.lisp)
Linked: (/home/thtstation1/thtr_bachelor_ws/devel/.private/easy_handeye_msgs/share/common-lisp/ros/easy_handeye_msgs/srv/CheckStartingPose.lisp, /home/thtstation1/thtr_bachelor_ws/devel/share/common-lisp/ros/easy_handeye_msgs/srv/CheckStartingPose.lisp)
Linked: (/home/thtstation1/thtr_bachelor_ws/devel/.private/easy_handeye_msgs/share/common-lisp/ros/easy_handeye_msgs/srv/_package_ExecutePlan.lisp, /home/thtstation1/thtr_bachelor_ws/devel/share/common-lisp/ros/easy_handeye_msgs/srv/_package_ExecutePlan.lisp)
Linked: (/home/thtstation1/thtr_bachelor_ws/devel/.private/easy_handeye_msgs/share/common-lisp/ros/easy_handeye_msgs/srv/ListAlgorithms.lisp, /home/thtstation1/thtr_bachelor_ws/devel/share/common-lisp/ros/easy_handeye_msgs/srv/ListAlgorithms.lisp)
Linked: (/home/thtstation1/thtr_bachelor_ws/devel/.private/easy_handeye_msgs/share/common-lisp/ros/easy_handeye_msgs/srv/PlanToSelectedTargetPose.lisp, /home/thtstation1/thtr_bachelor_ws/devel/share/common-lisp/ros/easy_handeye_msgs/srv/PlanToSelectedTargetPose.lisp)
Linked: (/home/thtstation1/thtr_bachelor_ws/devel/.private/easy_handeye_msgs/share/common-lisp/ros/easy_handeye_msgs/srv/_package_RemoveSample.lisp, /home/thtstation1/thtr_bachelor_ws/devel/share/common-lisp/ros/easy_handeye_msgs/srv/_package_RemoveSample.lisp)
Linked: (/home/thtstation1/thtr_bachelor_ws/devel/.private/easy_handeye_msgs/share/common-lisp/ros/easy_handeye_msgs/srv/_package_CheckStartingPose.lisp, /home/thtstation1/thtr_bachelor_ws/devel/share/common-lisp/ros/easy_handeye_msgs/srv/_package_CheckStartingPose.lisp)
Linked: (/home/thtstation1/thtr_bachelor_ws/devel/.private/easy_handeye_msgs/share/common-lisp/ros/easy_handeye_msgs/srv/EnumerateTargetPoses.lisp, /home/thtstation1/thtr_bachelor_ws/devel/share/common-lisp/ros/easy_handeye_msgs/srv/EnumerateTargetPoses.lisp)
Linked: (/home/thtstation1/thtr_bachelor_ws/devel/.private/easy_handeye_msgs/share/common-lisp/ros/easy_handeye_msgs/srv/ComputeCalibration.lisp, /home/thtstation1/thtr_bachelor_ws/devel/share/common-lisp/ros/easy_handeye_msgs/srv/ComputeCalibration.lisp)
Linked: (/home/thtstation1/thtr_bachelor_ws/devel/.private/easy_handeye_msgs/share/common-lisp/ros/easy_handeye_msgs/srv/_package_ComputeCalibration.lisp, /home/thtstation1/thtr_bachelor_ws/devel/share/common-lisp/ros/easy_handeye_msgs/srv/_package_ComputeCalibration.lisp)
Linked: (/home/thtstation1/thtr_bachelor_ws/devel/.private/easy_handeye_msgs/share/common-lisp/ros/easy_handeye_msgs/srv/_package_SelectTargetPose.lisp, /home/thtstation1/thtr_bachelor_ws/devel/share/common-lisp/ros/easy_handeye_msgs/srv/_package_SelectTargetPose.lisp)
Linked: (/home/thtstation1/thtr_bachelor_ws/devel/.private/easy_handeye_msgs/share/common-lisp/ros/easy_handeye_msgs/srv/_package_PlanToSelectedTargetPose.lisp, /home/thtstation1/thtr_bachelor_ws/devel/share/common-lisp/ros/easy_handeye_msgs/srv/_package_PlanToSelectedTargetPose.lisp)
Linked: (/home/thtstation1/thtr_bachelor_ws/devel/.private/easy_handeye_msgs/share/common-lisp/ros/easy_handeye_msgs/srv/_package_EnumerateTargetPoses.lisp, /home/thtstation1/thtr_bachelor_ws/devel/share/common-lisp/ros/easy_handeye_msgs/srv/_package_EnumerateTargetPoses.lisp)
Linked: (/home/thtstation1/thtr_bachelor_ws/devel/.private/easy_handeye_msgs/share/common-lisp/ros/easy_handeye_msgs/srv/SelectTargetPose.lisp, /home/thtstation1/thtr_bachelor_ws/devel/share/common-lisp/ros/easy_handeye_msgs/srv/SelectTargetPose.lisp)
Linked: (/home/thtstation1/thtr_bachelor_ws/devel/.private/easy_handeye_msgs/share/common-lisp/ros/easy_handeye_msgs/srv/SetAlgorithm.lisp, /home/thtstation1/thtr_bachelor_ws/devel/share/common-lisp/ros/easy_handeye_msgs/srv/SetAlgorithm.lisp)
Linked: (/home/thtstation1/thtr_bachelor_ws/devel/.private/easy_handeye_msgs/share/common-lisp/ros/easy_handeye_msgs/srv/RemoveSample.lisp, /home/thtstation1/thtr_bachelor_ws/devel/share/common-lisp/ros/easy_handeye_msgs/srv/RemoveSample.lisp)
Linked: (/home/thtstation1/thtr_bachelor_ws/devel/.private/easy_handeye_msgs/share/gennodejs/ros/easy_handeye_msgs/_index.js, /home/thtstation1/thtr_bachelor_ws/devel/share/gennodejs/ros/easy_handeye_msgs/_index.js)
Linked: (/home/thtstation1/thtr_bachelor_ws/devel/.private/easy_handeye_msgs/share/gennodejs/ros/easy_handeye_msgs/msg/HandeyeCalibration.js, /home/thtstation1/thtr_bachelor_ws/devel/share/gennodejs/ros/easy_handeye_msgs/msg/HandeyeCalibration.js)
Linked: (/home/thtstation1/thtr_bachelor_ws/devel/.private/easy_handeye_msgs/share/gennodejs/ros/easy_handeye_msgs/msg/TargetPoseList.js, /home/thtstation1/thtr_bachelor_ws/devel/share/gennodejs/ros/easy_handeye_msgs/msg/TargetPoseList.js)
Linked: (/home/thtstation1/thtr_bachelor_ws/devel/.private/easy_handeye_msgs/share/gennodejs/ros/easy_handeye_msgs/msg/SampleList.js, /home/thtstation1/thtr_bachelor_ws/devel/share/gennodejs/ros/easy_handeye_msgs/msg/SampleList.js)
Linked: (/home/thtstation1/thtr_bachelor_ws/devel/.private/easy_handeye_msgs/share/gennodejs/ros/easy_handeye_msgs/msg/_index.js, /home/thtstation1/thtr_bachelor_ws/devel/share/gennodejs/ros/easy_handeye_msgs/msg/_index.js)
Linked: (/home/thtstation1/thtr_bachelor_ws/devel/.private/easy_handeye_msgs/share/gennodejs/ros/easy_handeye_msgs/srv/SelectTargetPose.js, /home/thtstation1/thtr_bachelor_ws/devel/share/gennodejs/ros/easy_handeye_msgs/srv/SelectTargetPose.js)
Linked: (/home/thtstation1/thtr_bachelor_ws/devel/.private/easy_handeye_msgs/share/gennodejs/ros/easy_handeye_msgs/srv/TakeSample.js, /home/thtstation1/thtr_bachelor_ws/devel/share/gennodejs/ros/easy_handeye_msgs/srv/TakeSample.js)
Linked: (/home/thtstation1/thtr_bachelor_ws/devel/.private/easy_handeye_msgs/share/gennodejs/ros/easy_handeye_msgs/srv/ComputeCalibration.js, /home/thtstation1/thtr_bachelor_ws/devel/share/gennodejs/ros/easy_handeye_msgs/srv/ComputeCalibration.js)
Linked: (/home/thtstation1/thtr_bachelor_ws/devel/.private/easy_handeye_msgs/share/gennodejs/ros/easy_handeye_msgs/srv/PlanToSelectedTargetPose.js, /home/thtstation1/thtr_bachelor_ws/devel/share/gennodejs/ros/easy_handeye_msgs/srv/PlanToSelectedTargetPose.js)
Linked: (/home/thtstation1/thtr_bachelor_ws/devel/.private/easy_handeye_msgs/share/gennodejs/ros/easy_handeye_msgs/srv/RemoveSample.js, /home/thtstation1/thtr_bachelor_ws/devel/share/gennodejs/ros/easy_handeye_msgs/srv/RemoveSample.js)
Linked: (/home/thtstation1/thtr_bachelor_ws/devel/.private/easy_handeye_msgs/share/gennodejs/ros/easy_handeye_msgs/srv/EnumerateTargetPoses.js, /home/thtstation1/thtr_bachelor_ws/devel/share/gennodejs/ros/easy_handeye_msgs/srv/EnumerateTargetPoses.js)
Linked: (/home/thtstation1/thtr_bachelor_ws/devel/.private/easy_handeye_msgs/share/gennodejs/ros/easy_handeye_msgs/srv/ExecutePlan.js, /home/thtstation1/thtr_bachelor_ws/devel/share/gennodejs/ros/easy_handeye_msgs/srv/ExecutePlan.js)
Linked: (/home/thtstation1/thtr_bachelor_ws/devel/.private/easy_handeye_msgs/share/gennodejs/ros/easy_handeye_msgs/srv/SetAlgorithm.js, /home/thtstation1/thtr_bachelor_ws/devel/share/gennodejs/ros/easy_handeye_msgs/srv/SetAlgorithm.js)
Linked: (/home/thtstation1/thtr_bachelor_ws/devel/.private/easy_handeye_msgs/share/gennodejs/ros/easy_handeye_msgs/srv/_index.js, /home/thtstation1/thtr_bachelor_ws/devel/share/gennodejs/ros/easy_handeye_msgs/srv/_index.js)
Linked: (/home/thtstation1/thtr_bachelor_ws/devel/.private/easy_handeye_msgs/share/gennodejs/ros/easy_handeye_msgs/srv/CheckStartingPose.js, /home/thtstation1/thtr_bachelor_ws/devel/share/gennodejs/ros/easy_handeye_msgs/srv/CheckStartingPose.js)
Linked: (/home/thtstation1/thtr_bachelor_ws/devel/.private/easy_handeye_msgs/share/gennodejs/ros/easy_handeye_msgs/srv/ListAlgorithms.js, /home/thtstation1/thtr_bachelor_ws/devel/share/gennodejs/ros/easy_handeye_msgs/srv/ListAlgorithms.js)
Linked: (/home/thtstation1/thtr_bachelor_ws/devel/.private/easy_handeye_msgs/share/roseus/ros/easy_handeye_msgs/manifest.l, /home/thtstation1/thtr_bachelor_ws/devel/share/roseus/ros/easy_handeye_msgs/manifest.l)
Linked: (/home/thtstation1/thtr_bachelor_ws/devel/.private/easy_handeye_msgs/share/roseus/ros/easy_handeye_msgs/msg/HandeyeCalibration.l, /home/thtstation1/thtr_bachelor_ws/devel/share/roseus/ros/easy_handeye_msgs/msg/HandeyeCalibration.l)
Linked: (/home/thtstation1/thtr_bachelor_ws/devel/.private/easy_handeye_msgs/share/roseus/ros/easy_handeye_msgs/msg/SampleList.l, /home/thtstation1/thtr_bachelor_ws/devel/share/roseus/ros/easy_handeye_msgs/msg/SampleList.l)
Linked: (/home/thtstation1/thtr_bachelor_ws/devel/.private/easy_handeye_msgs/share/roseus/ros/easy_handeye_msgs/msg/TargetPoseList.l, /home/thtstation1/thtr_bachelor_ws/devel/share/roseus/ros/easy_handeye_msgs/msg/TargetPoseList.l)
Linked: (/home/thtstation1/thtr_bachelor_ws/devel/.private/easy_handeye_msgs/share/roseus/ros/easy_handeye_msgs/srv/ExecutePlan.l, /home/thtstation1/thtr_bachelor_ws/devel/share/roseus/ros/easy_handeye_msgs/srv/ExecutePlan.l)
Linked: (/home/thtstation1/thtr_bachelor_ws/devel/.private/easy_handeye_msgs/share/roseus/ros/easy_handeye_msgs/srv/PlanToSelectedTargetPose.l, /home/thtstation1/thtr_bachelor_ws/devel/share/roseus/ros/easy_handeye_msgs/srv/PlanToSelectedTargetPose.l)
Linked: (/home/thtstation1/thtr_bachelor_ws/devel/.private/easy_handeye_msgs/share/roseus/ros/easy_handeye_msgs/srv/SelectTargetPose.l, /home/thtstation1/thtr_bachelor_ws/devel/share/roseus/ros/easy_handeye_msgs/srv/SelectTargetPose.l)
Linked: (/home/thtstation1/thtr_bachelor_ws/devel/.private/easy_handeye_msgs/share/roseus/ros/easy_handeye_msgs/srv/ListAlgorithms.l, /home/thtstation1/thtr_bachelor_ws/devel/share/roseus/ros/easy_handeye_msgs/srv/ListAlgorithms.l)
Linked: (/home/thtstation1/thtr_bachelor_ws/devel/.private/easy_handeye_msgs/share/roseus/ros/easy_handeye_msgs/srv/CheckStartingPose.l, /home/thtstation1/thtr_bachelor_ws/devel/share/roseus/ros/easy_handeye_msgs/srv/CheckStartingPose.l)
Linked: (/home/thtstation1/thtr_bachelor_ws/devel/.private/easy_handeye_msgs/share/roseus/ros/easy_handeye_msgs/srv/ComputeCalibration.l, /home/thtstation1/thtr_bachelor_ws/devel/share/roseus/ros/easy_handeye_msgs/srv/ComputeCalibration.l)
Linked: (/home/thtstation1/thtr_bachelor_ws/devel/.private/easy_handeye_msgs/share/roseus/ros/easy_handeye_msgs/srv/RemoveSample.l, /home/thtstation1/thtr_bachelor_ws/devel/share/roseus/ros/easy_handeye_msgs/srv/RemoveSample.l)
Linked: (/home/thtstation1/thtr_bachelor_ws/devel/.private/easy_handeye_msgs/share/roseus/ros/easy_handeye_msgs/srv/SetAlgorithm.l, /home/thtstation1/thtr_bachelor_ws/devel/share/roseus/ros/easy_handeye_msgs/srv/SetAlgorithm.l)
Linked: (/home/thtstation1/thtr_bachelor_ws/devel/.private/easy_handeye_msgs/share/roseus/ros/easy_handeye_msgs/srv/EnumerateTargetPoses.l, /home/thtstation1/thtr_bachelor_ws/devel/share/roseus/ros/easy_handeye_msgs/srv/EnumerateTargetPoses.l)
Linked: (/home/thtstation1/thtr_bachelor_ws/devel/.private/easy_handeye_msgs/share/roseus/ros/easy_handeye_msgs/srv/TakeSample.l, /home/thtstation1/thtr_bachelor_ws/devel/share/roseus/ros/easy_handeye_msgs/srv/TakeSample.l)
Linked: (/home/thtstation1/thtr_bachelor_ws/devel/.private/easy_handeye_msgs/share/easy_handeye_msgs/cmake/easy_handeye_msgsConfig.cmake, /home/thtstation1/thtr_bachelor_ws/devel/share/easy_handeye_msgs/cmake/easy_handeye_msgsConfig.cmake)
Linked: (/home/thtstation1/thtr_bachelor_ws/devel/.private/easy_handeye_msgs/share/easy_handeye_msgs/cmake/easy_handeye_msgs-msg-paths.cmake, /home/thtstation1/thtr_bachelor_ws/devel/share/easy_handeye_msgs/cmake/easy_handeye_msgs-msg-paths.cmake)
Linked: (/home/thtstation1/thtr_bachelor_ws/devel/.private/easy_handeye_msgs/share/easy_handeye_msgs/cmake/easy_handeye_msgsConfig-version.cmake, /home/thtstation1/thtr_bachelor_ws/devel/share/easy_handeye_msgs/cmake/easy_handeye_msgsConfig-version.cmake)
Linked: (/home/thtstation1/thtr_bachelor_ws/devel/.private/easy_handeye_msgs/share/easy_handeye_msgs/cmake/easy_handeye_msgs-msg-extras.cmake, /home/thtstation1/thtr_bachelor_ws/devel/share/easy_handeye_msgs/cmake/easy_handeye_msgs-msg-extras.cmake)
Linked: (/home/thtstation1/thtr_bachelor_ws/devel/.private/easy_handeye_msgs/include/easy_handeye_msgs/ListAlgorithmsRequest.h, /home/thtstation1/thtr_bachelor_ws/devel/include/easy_handeye_msgs/ListAlgorithmsRequest.h)
Linked: (/home/thtstation1/thtr_bachelor_ws/devel/.private/easy_handeye_msgs/include/easy_handeye_msgs/TakeSampleRequest.h, /home/thtstation1/thtr_bachelor_ws/devel/include/easy_handeye_msgs/TakeSampleRequest.h)
Linked: (/home/thtstation1/thtr_bachelor_ws/devel/.private/easy_handeye_msgs/include/easy_handeye_msgs/CheckStartingPoseRequest.h, /home/thtstation1/thtr_bachelor_ws/devel/include/easy_handeye_msgs/CheckStartingPoseRequest.h)
Linked: (/home/thtstation1/thtr_bachelor_ws/devel/.private/easy_handeye_msgs/include/easy_handeye_msgs/ListAlgorithmsResponse.h, /home/thtstation1/thtr_bachelor_ws/devel/include/easy_handeye_msgs/ListAlgorithmsResponse.h)
Linked: (/home/thtstation1/thtr_bachelor_ws/devel/.private/easy_handeye_msgs/include/easy_handeye_msgs/SampleList.h, /home/thtstation1/thtr_bachelor_ws/devel/include/easy_handeye_msgs/SampleList.h)
Linked: (/home/thtstation1/thtr_bachelor_ws/devel/.private/easy_handeye_msgs/include/easy_handeye_msgs/TakeSample.h, /home/thtstation1/thtr_bachelor_ws/devel/include/easy_handeye_msgs/TakeSample.h)
Linked: (/home/thtstation1/thtr_bachelor_ws/devel/.private/easy_handeye_msgs/include/easy_handeye_msgs/SetAlgorithmRequest.h, /home/thtstation1/thtr_bachelor_ws/devel/include/easy_handeye_msgs/SetAlgorithmRequest.h)
Linked: (/home/thtstation1/thtr_bachelor_ws/devel/.private/easy_handeye_msgs/include/easy_handeye_msgs/SetAlgorithmResponse.h, /home/thtstation1/thtr_bachelor_ws/devel/include/easy_handeye_msgs/SetAlgorithmResponse.h)
Linked: (/home/thtstation1/thtr_bachelor_ws/devel/.private/easy_handeye_msgs/include/easy_handeye_msgs/RemoveSampleResponse.h, /home/thtstation1/thtr_bachelor_ws/devel/include/easy_handeye_msgs/RemoveSampleResponse.h)
Linked: (/home/thtstation1/thtr_bachelor_ws/devel/.private/easy_handeye_msgs/include/easy_handeye_msgs/TakeSampleResponse.h, /home/thtstation1/thtr_bachelor_ws/devel/include/easy_handeye_msgs/TakeSampleResponse.h)
Linked: (/home/thtstation1/thtr_bachelor_ws/devel/.private/easy_handeye_msgs/include/easy_handeye_msgs/HandeyeCalibration.h, /home/thtstation1/thtr_bachelor_ws/devel/include/easy_handeye_msgs/HandeyeCalibration.h)
Linked: (/home/thtstation1/thtr_bachelor_ws/devel/.private/easy_handeye_msgs/include/easy_handeye_msgs/CheckStartingPoseResponse.h, /home/thtstation1/thtr_bachelor_ws/devel/include/easy_handeye_msgs/CheckStartingPoseResponse.h)
Linked: (/home/thtstation1/thtr_bachelor_ws/devel/.private/easy_handeye_msgs/include/easy_handeye_msgs/PlanToSelectedTargetPose.h, /home/thtstation1/thtr_bachelor_ws/devel/include/easy_handeye_msgs/PlanToSelectedTargetPose.h)
Linked: (/home/thtstation1/thtr_bachelor_ws/devel/.private/easy_handeye_msgs/include/easy_handeye_msgs/SelectTargetPose.h, /home/thtstation1/thtr_bachelor_ws/devel/include/easy_handeye_msgs/SelectTargetPose.h)
Linked: (/home/thtstation1/thtr_bachelor_ws/devel/.private/easy_handeye_msgs/include/easy_handeye_msgs/RemoveSample.h, /home/thtstation1/thtr_bachelor_ws/devel/include/easy_handeye_msgs/RemoveSample.h)
Linked: (/home/thtstation1/thtr_bachelor_ws/devel/.private/easy_handeye_msgs/include/easy_handeye_msgs/ExecutePlanRequest.h, /home/thtstation1/thtr_bachelor_ws/devel/include/easy_handeye_msgs/ExecutePlanRequest.h)
Linked: (/home/thtstation1/thtr_bachelor_ws/devel/.private/easy_handeye_msgs/include/easy_handeye_msgs/SelectTargetPoseRequest.h, /home/thtstation1/thtr_bachelor_ws/devel/include/easy_handeye_msgs/SelectTargetPoseRequest.h)
Linked: (/home/thtstation1/thtr_bachelor_ws/devel/.private/easy_handeye_msgs/include/easy_handeye_msgs/ComputeCalibration.h, /home/thtstation1/thtr_bachelor_ws/devel/include/easy_handeye_msgs/ComputeCalibration.h)
Linked: (/home/thtstation1/thtr_bachelor_ws/devel/.private/easy_handeye_msgs/include/easy_handeye_msgs/ComputeCalibrationResponse.h, /home/thtstation1/thtr_bachelor_ws/devel/include/easy_handeye_msgs/ComputeCalibrationResponse.h)
Linked: (/home/thtstation1/thtr_bachelor_ws/devel/.private/easy_handeye_msgs/include/easy_handeye_msgs/ListAlgorithms.h, /home/thtstation1/thtr_bachelor_ws/devel/include/easy_handeye_msgs/ListAlgorithms.h)
Linked: (/home/thtstation1/thtr_bachelor_ws/devel/.private/easy_handeye_msgs/include/easy_handeye_msgs/PlanToSelectedTargetPoseRequest.h, /home/thtstation1/thtr_bachelor_ws/devel/include/easy_handeye_msgs/PlanToSelectedTargetPoseRequest.h)
Linked: (/home/thtstation1/thtr_bachelor_ws/devel/.private/easy_handeye_msgs/include/easy_handeye_msgs/TargetPoseList.h, /home/thtstation1/thtr_bachelor_ws/devel/include/easy_handeye_msgs/TargetPoseList.h)
Linked: (/home/thtstation1/thtr_bachelor_ws/devel/.private/easy_handeye_msgs/include/easy_handeye_msgs/ComputeCalibrationRequest.h, /home/thtstation1/thtr_bachelor_ws/devel/include/easy_handeye_msgs/ComputeCalibrationRequest.h)
Linked: (/home/thtstation1/thtr_bachelor_ws/devel/.private/easy_handeye_msgs/include/easy_handeye_msgs/RemoveSampleRequest.h, /home/thtstation1/thtr_bachelor_ws/devel/include/easy_handeye_msgs/RemoveSampleRequest.h)
Linked: (/home/thtstation1/thtr_bachelor_ws/devel/.private/easy_handeye_msgs/include/easy_handeye_msgs/EnumerateTargetPosesResponse.h, /home/thtstation1/thtr_bachelor_ws/devel/include/easy_handeye_msgs/EnumerateTargetPosesResponse.h)
Linked: (/home/thtstation1/thtr_bachelor_ws/devel/.private/easy_handeye_msgs/include/easy_handeye_msgs/SelectTargetPoseResponse.h, /home/thtstation1/thtr_bachelor_ws/devel/include/easy_handeye_msgs/SelectTargetPoseResponse.h)
Linked: (/home/thtstation1/thtr_bachelor_ws/devel/.private/easy_handeye_msgs/include/easy_handeye_msgs/SetAlgorithm.h, /home/thtstation1/thtr_bachelor_ws/devel/include/easy_handeye_msgs/SetAlgorithm.h)
Linked: (/home/thtstation1/thtr_bachelor_ws/devel/.private/easy_handeye_msgs/include/easy_handeye_msgs/CheckStartingPose.h, /home/thtstation1/thtr_bachelor_ws/devel/include/easy_handeye_msgs/CheckStartingPose.h)
Linked: (/home/thtstation1/thtr_bachelor_ws/devel/.private/easy_handeye_msgs/include/easy_handeye_msgs/PlanToSelectedTargetPoseResponse.h, /home/thtstation1/thtr_bachelor_ws/devel/include/easy_handeye_msgs/PlanToSelectedTargetPoseResponse.h)
Linked: (/home/thtstation1/thtr_bachelor_ws/devel/.private/easy_handeye_msgs/include/easy_handeye_msgs/EnumerateTargetPoses.h, /home/thtstation1/thtr_bachelor_ws/devel/include/easy_handeye_msgs/EnumerateTargetPoses.h)
Linked: (/home/thtstation1/thtr_bachelor_ws/devel/.private/easy_handeye_msgs/include/easy_handeye_msgs/ExecutePlan.h, /home/thtstation1/thtr_bachelor_ws/devel/include/easy_handeye_msgs/ExecutePlan.h)
Linked: (/home/thtstation1/thtr_bachelor_ws/devel/.private/easy_handeye_msgs/include/easy_handeye_msgs/EnumerateTargetPosesRequest.h, /home/thtstation1/thtr_bachelor_ws/devel/include/easy_handeye_msgs/EnumerateTargetPosesRequest.h)
Linked: (/home/thtstation1/thtr_bachelor_ws/devel/.private/easy_handeye_msgs/include/easy_handeye_msgs/ExecutePlanResponse.h, /home/thtstation1/thtr_bachelor_ws/devel/include/easy_handeye_msgs/ExecutePlanResponse.h)
