[  0%] Built target std_msgs_generate_messages_py
[  0%] Built target _easy_handeye_msgs_generate_messages_check_deps_PlanToSelectedTargetPose
[  0%] Built target _easy_handeye_msgs_generate_messages_check_deps_RemoveSample
[  0%] Built target _easy_handeye_msgs_generate_messages_check_deps_SetAlgorithm
[  0%] Built target _easy_handeye_msgs_generate_messages_check_deps_ExecutePlan
[  0%] Built target _easy_handeye_msgs_generate_messages_check_deps_ComputeCalibration
[  0%] Built target _easy_handeye_msgs_generate_messages_check_deps_SampleList
[  0%] Built target _easy_handeye_msgs_generate_messages_check_deps_CheckStartingPose
[  0%] Built target geometry_msgs_generate_messages_py
[  0%] Built target _easy_handeye_msgs_generate_messages_check_deps_EnumerateTargetPoses
[  0%] Built target _easy_handeye_msgs_generate_messages_check_deps_HandeyeCalibration
[  0%] Built target _easy_handeye_msgs_generate_messages_check_deps_TakeSample
[  0%] Built target _easy_handeye_msgs_generate_messages_check_deps_SelectTargetPose
[  0%] Built target geometry_msgs_generate_messages_nodejs
[  0%] Built target std_msgs_generate_messages_nodejs
[  0%] Built target std_msgs_generate_messages_lisp
[  0%] Built target geometry_msgs_generate_messages_lisp
[  0%] Built target _easy_handeye_msgs_generate_messages_check_deps_ListAlgorithms
[  0%] Built target _easy_handeye_msgs_generate_messages_check_deps_TargetPoseList
[  0%] Built target std_msgs_generate_messages_cpp
[  0%] Built target std_msgs_generate_messages_eus
[  0%] Built target geometry_msgs_generate_messages_eus
[  0%] Built target geometry_msgs_generate_messages_cpp
[ 67%] Built target easy_handeye_msgs_generate_messages_lisp
[ 67%] Built target easy_handeye_msgs_generate_messages_py
[ 69%] Built target easy_handeye_msgs_generate_messages_nodejs
[ 80%] Built target easy_handeye_msgs_generate_messages_eus
[100%] Built target easy_handeye_msgs_generate_messages_cpp
[100%] Built target easy_handeye_msgs_generate_messages
