[35m[1mScanning dependencies of target _easy_handeye_msgs_generate_messages_check_deps_PlanToSelectedTargetPose[0m
[  0%] Built target _easy_handeye_msgs_generate_messages_check_deps_PlanToSelectedTargetPose
[35m[1mScanning dependencies of target std_msgs_generate_messages_py[0m
[  0%] Built target std_msgs_generate_messages_py
[35m[1mScanning dependencies of target _easy_handeye_msgs_generate_messages_check_deps_RemoveSample[0m
[  0%] Built target _easy_handeye_msgs_generate_messages_check_deps_RemoveSample
[35m[1mScanning dependencies of target _easy_handeye_msgs_generate_messages_check_deps_SetAlgorithm[0m
[  0%] Built target _easy_handeye_msgs_generate_messages_check_deps_SetAlgorithm
[35m[1mScanning dependencies of target _easy_handeye_msgs_generate_messages_check_deps_ExecutePlan[0m
[  0%] Built target _easy_handeye_msgs_generate_messages_check_deps_ExecutePlan
[35m[1mScanning dependencies of target _easy_handeye_msgs_generate_messages_check_deps_ComputeCalibration[0m
[  0%] Built target _easy_handeye_msgs_generate_messages_check_deps_ComputeCalibration
[35m[1mScanning dependencies of target _easy_handeye_msgs_generate_messages_check_deps_SampleList[0m
[  0%] Built target _easy_handeye_msgs_generate_messages_check_deps_SampleList
[35m[1mScanning dependencies of target _easy_handeye_msgs_generate_messages_check_deps_CheckStartingPose[0m
[  0%] Built target _easy_handeye_msgs_generate_messages_check_deps_CheckStartingPose
[35m[1mScanning dependencies of target _easy_handeye_msgs_generate_messages_check_deps_EnumerateTargetPoses[0m
[  0%] Built target _easy_handeye_msgs_generate_messages_check_deps_EnumerateTargetPoses
[35m[1mScanning dependencies of target geometry_msgs_generate_messages_py[0m
[  0%] Built target geometry_msgs_generate_messages_py
[35m[1mScanning dependencies of target _easy_handeye_msgs_generate_messages_check_deps_HandeyeCalibration[0m
[  0%] Built target _easy_handeye_msgs_generate_messages_check_deps_HandeyeCalibration
[35m[1mScanning dependencies of target _easy_handeye_msgs_generate_messages_check_deps_TakeSample[0m
[  0%] Built target _easy_handeye_msgs_generate_messages_check_deps_TakeSample
[35m[1mScanning dependencies of target _easy_handeye_msgs_generate_messages_check_deps_SelectTargetPose[0m
[  0%] Built target _easy_handeye_msgs_generate_messages_check_deps_SelectTargetPose
[35m[1mScanning dependencies of target _easy_handeye_msgs_generate_messages_check_deps_TargetPoseList[0m
[  0%] Built target _easy_handeye_msgs_generate_messages_check_deps_TargetPoseList
[35m[1mScanning dependencies of target _easy_handeye_msgs_generate_messages_check_deps_ListAlgorithms[0m
[  0%] Built target _easy_handeye_msgs_generate_messages_check_deps_ListAlgorithms
[35m[1mScanning dependencies of target geometry_msgs_generate_messages_nodejs[0m
[  0%] Built target geometry_msgs_generate_messages_nodejs
[35m[1mScanning dependencies of target std_msgs_generate_messages_nodejs[0m
[  0%] Built target std_msgs_generate_messages_nodejs
[35m[1mScanning dependencies of target std_msgs_generate_messages_lisp[0m
[  0%] Built target std_msgs_generate_messages_lisp
[35m[1mScanning dependencies of target geometry_msgs_generate_messages_lisp[0m
[  0%] Built target geometry_msgs_generate_messages_lisp
[35m[1mScanning dependencies of target std_msgs_generate_messages_eus[0m
[  0%] Built target std_msgs_generate_messages_eus
[35m[1mScanning dependencies of target geometry_msgs_generate_messages_eus[0m
[  0%] Built target geometry_msgs_generate_messages_eus
[35m[1mScanning dependencies of target std_msgs_generate_messages_cpp[0m
[  0%] Built target std_msgs_generate_messages_cpp
[35m[1mScanning dependencies of target geometry_msgs_generate_messages_cpp[0m
[  0%] Built target geometry_msgs_generate_messages_cpp
[35m[1mScanning dependencies of target easy_handeye_msgs_generate_messages_py[0m
[  1%] [34m[1mGenerating Python from MSG easy_handeye_msgs/HandeyeCalibration[0m
[  2%] [34m[1mGenerating Python from MSG easy_handeye_msgs/SampleList[0m
[  4%] [34m[1mGenerating Python from MSG easy_handeye_msgs/TargetPoseList[0m
[  5%] [34m[1mGenerating Python code from SRV easy_handeye_msgs/ListAlgorithms[0m
[  7%] [34m[1mGenerating Python code from SRV easy_handeye_msgs/SetAlgorithm[0m
[  8%] [34m[1mGenerating Python code from SRV easy_handeye_msgs/ComputeCalibration[0m
[ 10%] [34m[1mGenerating Python code from SRV easy_handeye_msgs/RemoveSample[0m
[ 11%] [34m[1mGenerating Python code from SRV easy_handeye_msgs/TakeSample[0m
[ 13%] [34m[1mGenerating Python code from SRV easy_handeye_msgs/CheckStartingPose[0m
[ 14%] [34m[1mGenerating Python code from SRV easy_handeye_msgs/EnumerateTargetPoses[0m
[ 16%] [34m[1mGenerating Python code from SRV easy_handeye_msgs/SelectTargetPose[0m
[ 17%] [34m[1mGenerating Python code from SRV easy_handeye_msgs/PlanToSelectedTargetPose[0m
[ 19%] [34m[1mGenerating Python code from SRV easy_handeye_msgs/ExecutePlan[0m
[ 20%] [34m[1mGenerating Python msg __init__.py for easy_handeye_msgs[0m
[ 22%] [34m[1mGenerating Python srv __init__.py for easy_handeye_msgs[0m
[ 22%] Built target easy_handeye_msgs_generate_messages_py
[35m[1mScanning dependencies of target easy_handeye_msgs_generate_messages_nodejs[0m
[ 23%] [34m[1mGenerating Javascript code from easy_handeye_msgs/HandeyeCalibration.msg[0m
[ 25%] [34m[1mGenerating Javascript code from easy_handeye_msgs/SampleList.msg[0m
[ 26%] [34m[1mGenerating Javascript code from easy_handeye_msgs/TargetPoseList.msg[0m
[ 27%] [34m[1mGenerating Javascript code from easy_handeye_msgs/ListAlgorithms.srv[0m
[ 29%] [34m[1mGenerating Javascript code from easy_handeye_msgs/SetAlgorithm.srv[0m
[ 30%] [34m[1mGenerating Javascript code from easy_handeye_msgs/ComputeCalibration.srv[0m
[ 32%] [34m[1mGenerating Javascript code from easy_handeye_msgs/RemoveSample.srv[0m
[ 33%] [34m[1mGenerating Javascript code from easy_handeye_msgs/TakeSample.srv[0m
[ 35%] [34m[1mGenerating Javascript code from easy_handeye_msgs/CheckStartingPose.srv[0m
[ 36%] [34m[1mGenerating Javascript code from easy_handeye_msgs/EnumerateTargetPoses.srv[0m
[ 38%] [34m[1mGenerating Javascript code from easy_handeye_msgs/SelectTargetPose.srv[0m
[ 39%] [34m[1mGenerating Javascript code from easy_handeye_msgs/PlanToSelectedTargetPose.srv[0m
[ 41%] [34m[1mGenerating Javascript code from easy_handeye_msgs/ExecutePlan.srv[0m
[ 41%] Built target easy_handeye_msgs_generate_messages_nodejs
[35m[1mScanning dependencies of target easy_handeye_msgs_generate_messages_lisp[0m
[ 42%] [34m[1mGenerating Lisp code from easy_handeye_msgs/HandeyeCalibration.msg[0m
[ 44%] [34m[1mGenerating Lisp code from easy_handeye_msgs/SampleList.msg[0m
[ 45%] [34m[1mGenerating Lisp code from easy_handeye_msgs/TargetPoseList.msg[0m
[ 47%] [34m[1mGenerating Lisp code from easy_handeye_msgs/ListAlgorithms.srv[0m
[ 48%] [34m[1mGenerating Lisp code from easy_handeye_msgs/SetAlgorithm.srv[0m
[ 50%] [34m[1mGenerating Lisp code from easy_handeye_msgs/ComputeCalibration.srv[0m
[ 51%] [34m[1mGenerating Lisp code from easy_handeye_msgs/RemoveSample.srv[0m
[ 52%] [34m[1mGenerating Lisp code from easy_handeye_msgs/TakeSample.srv[0m
[ 54%] [34m[1mGenerating Lisp code from easy_handeye_msgs/CheckStartingPose.srv[0m
[ 55%] [34m[1mGenerating Lisp code from easy_handeye_msgs/EnumerateTargetPoses.srv[0m
[ 57%] [34m[1mGenerating Lisp code from easy_handeye_msgs/SelectTargetPose.srv[0m
[ 58%] [34m[1mGenerating Lisp code from easy_handeye_msgs/PlanToSelectedTargetPose.srv[0m
[ 60%] [34m[1mGenerating Lisp code from easy_handeye_msgs/ExecutePlan.srv[0m
[ 60%] Built target easy_handeye_msgs_generate_messages_lisp
[35m[1mScanning dependencies of target easy_handeye_msgs_generate_messages_eus[0m
[ 61%] [34m[1mGenerating EusLisp code from easy_handeye_msgs/HandeyeCalibration.msg[0m
[ 63%] [34m[1mGenerating EusLisp code from easy_handeye_msgs/SampleList.msg[0m
[35m[1mScanning dependencies of target easy_handeye_msgs_generate_messages_cpp[0m
[ 64%] [34m[1mGenerating C++ code from easy_handeye_msgs/HandeyeCalibration.msg[0m
[ 66%] [34m[1mGenerating EusLisp code from easy_handeye_msgs/TargetPoseList.msg[0m
[ 67%] [34m[1mGenerating C++ code from easy_handeye_msgs/SampleList.msg[0m
[ 69%] [34m[1mGenerating EusLisp code from easy_handeye_msgs/ListAlgorithms.srv[0m
[ 70%] [34m[1mGenerating C++ code from easy_handeye_msgs/TargetPoseList.msg[0m
[ 72%] [34m[1mGenerating EusLisp code from easy_handeye_msgs/SetAlgorithm.srv[0m
[ 73%] [34m[1mGenerating C++ code from easy_handeye_msgs/ListAlgorithms.srv[0m
[ 75%] [34m[1mGenerating EusLisp code from easy_handeye_msgs/ComputeCalibration.srv[0m
[ 76%] [34m[1mGenerating EusLisp code from easy_handeye_msgs/RemoveSample.srv[0m
[ 77%] [34m[1mGenerating C++ code from easy_handeye_msgs/SetAlgorithm.srv[0m
[ 79%] [34m[1mGenerating EusLisp code from easy_handeye_msgs/TakeSample.srv[0m
[ 80%] [34m[1mGenerating EusLisp code from easy_handeye_msgs/CheckStartingPose.srv[0m
[ 82%] [34m[1mGenerating EusLisp code from easy_handeye_msgs/EnumerateTargetPoses.srv[0m
[ 83%] [34m[1mGenerating C++ code from easy_handeye_msgs/ComputeCalibration.srv[0m
[ 85%] [34m[1mGenerating EusLisp code from easy_handeye_msgs/SelectTargetPose.srv[0m
[ 86%] [34m[1mGenerating EusLisp code from easy_handeye_msgs/PlanToSelectedTargetPose.srv[0m
[ 88%] [34m[1mGenerating EusLisp code from easy_handeye_msgs/ExecutePlan.srv[0m
[ 89%] [34m[1mGenerating C++ code from easy_handeye_msgs/RemoveSample.srv[0m
[ 91%] [34m[1mGenerating C++ code from easy_handeye_msgs/TakeSample.srv[0m
[ 92%] [34m[1mGenerating EusLisp manifest code for easy_handeye_msgs[0m
[ 94%] [34m[1mGenerating C++ code from easy_handeye_msgs/CheckStartingPose.srv[0m
[ 95%] [34m[1mGenerating C++ code from easy_handeye_msgs/EnumerateTargetPoses.srv[0m
[ 97%] [34m[1mGenerating C++ code from easy_handeye_msgs/SelectTargetPose.srv[0m
[ 98%] [34m[1mGenerating C++ code from easy_handeye_msgs/PlanToSelectedTargetPose.srv[0m
[100%] [34m[1mGenerating C++ code from easy_handeye_msgs/ExecutePlan.srv[0m
[100%] Built target easy_handeye_msgs_generate_messages_cpp
[100%] Built target easy_handeye_msgs_generate_messages_eus
[35m[1mScanning dependencies of target easy_handeye_msgs_generate_messages[0m
[100%] Built target easy_handeye_msgs_generate_messages
