[  0%] Built target _ur_dashboard_msgs_generate_messages_check_deps_SetModeGoal
[  0%] Built target _ur_dashboard_msgs_generate_messages_check_deps_RawRequest
[  0%] Built target _ur_dashboard_msgs_generate_messages_check_deps_Popup
[  0%] Built target _ur_dashboard_msgs_generate_messages_check_deps_Load
[  0%] Built target _ur_dashboard_msgs_generate_messages_check_deps_IsProgramSaved
[  0%] Built target _ur_dashboard_msgs_generate_messages_check_deps_IsProgramRunning
[  0%] Built target _ur_dashboard_msgs_generate_messages_check_deps_IsInRemoteControl
[  0%] Built target _ur_dashboard_msgs_generate_messages_check_deps_GetSafetyMode
[  0%] Built target _ur_dashboard_msgs_generate_messages_check_deps_GetRobotMode
[  0%] Built target _ur_dashboard_msgs_generate_messages_check_deps_GetProgramState
[  0%] Built target _ur_dashboard_msgs_generate_messages_check_deps_AddToLog
[  0%] Built target std_msgs_generate_messages_lisp
[  0%] Built target _ur_dashboard_msgs_generate_messages_check_deps_SetModeAction
[  0%] Built target actionlib_msgs_generate_messages_lisp
[  0%] Built target _ur_dashboard_msgs_generate_messages_check_deps_RobotMode
[  0%] Built target _ur_dashboard_msgs_generate_messages_check_deps_SetModeFeedback
[  0%] Built target _ur_dashboard_msgs_generate_messages_check_deps_SetModeActionGoal
[  0%] Built target _ur_dashboard_msgs_generate_messages_check_deps_GetLoadedProgram
[  0%] Built target _ur_dashboard_msgs_generate_messages_check_deps_SetModeActionResult
[  0%] Built target _ur_dashboard_msgs_generate_messages_check_deps_ProgramState
[  0%] Built target _ur_dashboard_msgs_generate_messages_check_deps_SetModeResult
[  0%] Built target _ur_dashboard_msgs_generate_messages_check_deps_SafetyMode
[  0%] Built target _ur_dashboard_msgs_generate_messages_check_deps_SetModeActionFeedback
[  0%] Built target actionlib_msgs_generate_messages_py
[  0%] Built target std_msgs_generate_messages_py
[  0%] Built target std_msgs_generate_messages_eus
[  0%] Built target actionlib_msgs_generate_messages_eus
[  0%] Built target actionlib_msgs_generate_messages_nodejs
[  0%] Built target std_msgs_generate_messages_nodejs
[  0%] Built target std_msgs_generate_messages_cpp
[  0%] Built target actionlib_msgs_generate_messages_cpp
[ 20%] Built target ur_dashboard_msgs_generate_messages_lisp
[ 41%] Built target ur_dashboard_msgs_generate_messages_py
[ 60%] Built target ur_dashboard_msgs_generate_messages_eus
[ 79%] Built target ur_dashboard_msgs_generate_messages_nodejs
[100%] Built target ur_dashboard_msgs_generate_messages_cpp
[100%] Built target ur_dashboard_msgs_generate_messages
