[  0%] Built target dynamic_reconfigure_generate_messages_eus
[  0%] Built target cartesian_control_msgs_generate_messages_nodejs
[  0%] Built target cartesian_control_msgs_generate_messages_lisp
[  0%] Built target cartesian_control_msgs_generate_messages_eus
[  0%] Built target cartesian_control_msgs_generate_messages_cpp
[  0%] Built target ur_msgs_generate_messages_nodejs
[  0%] Built target ur_msgs_generate_messages_lisp
[  0%] Built target ur_msgs_generate_messages_eus
[  0%] Built target ur_msgs_generate_messages_cpp
[  0%] Built target ur_dashboard_msgs_generate_messages_py
[  0%] Built target ur_dashboard_msgs_generate_messages_eus
[  0%] Built target tf2_msgs_generate_messages_nodejs
[  0%] Built target tf2_msgs_generate_messages_lisp
[  0%] Built target tf_generate_messages_nodejs
[  0%] Built target tf_generate_messages_lisp
[  0%] Built target std_srvs_generate_messages_nodejs
[  0%] Built target std_srvs_generate_messages_lisp
[  0%] Built target std_srvs_generate_messages_eus
[  0%] Built target tf2_msgs_generate_messages_eus
[  0%] Built target sensor_msgs_generate_messages_py
[  0%] Built target sensor_msgs_generate_messages_nodejs
[  0%] Built target sensor_msgs_generate_messages_cpp
[  0%] Built target dynamic_reconfigure_gencfg
[  0%] Built target tf2_msgs_generate_messages_py
[  0%] Built target dynamic_reconfigure_generate_messages_nodejs
[  0%] Built target tf2_msgs_generate_messages_cpp
[  0%] Built target dynamic_reconfigure_generate_messages_lisp
[  0%] Built target roscpp_generate_messages_eus
[  0%] Built target roscpp_generate_messages_cpp
[  0%] Built target control_toolbox_gencfg
[  0%] Built target std_msgs_generate_messages_py
[  0%] Built target std_msgs_generate_messages_nodejs
[  0%] Built target geometry_msgs_generate_messages_eus
[  0%] Built target controller_manager_msgs_generate_messages_nodejs
[  0%] Built target roscpp_generate_messages_nodejs
[  0%] Built target std_msgs_generate_messages_cpp
[  0%] Built target actionlib_msgs_generate_messages_py
[  0%] Built target ur_dashboard_msgs_generate_messages_nodejs
[  0%] Built target actionlib_generate_messages_cpp
[  0%] Built target rosgraph_msgs_generate_messages_nodejs
[  0%] Built target tf_generate_messages_eus
[  0%] Built target rosgraph_msgs_generate_messages_lisp
[  0%] Built target actionlib_generate_messages_py
[  0%] Built target actionlib_generate_messages_lisp
[  0%] Built target _catkin_empty_exported_target
[  0%] Built target controller_manager_msgs_generate_messages_eus
[  0%] Built target actionlib_generate_messages_nodejs
[  0%] Built target tf_generate_messages_cpp
[  0%] Built target control_msgs_generate_messages_eus
[  0%] Built target trajectory_msgs_generate_messages_nodejs
[  0%] Built target trajectory_msgs_generate_messages_cpp
[  0%] Built target control_toolbox_generate_messages_py
[  0%] Built target rosgraph_msgs_generate_messages_py
[  0%] Built target tf_generate_messages_py
[  0%] Built target std_msgs_generate_messages_eus
[  0%] Built target actionlib_msgs_generate_messages_nodejs
[  0%] Built target actionlib_msgs_generate_messages_lisp
[  0%] Built target std_srvs_generate_messages_py
[  0%] Built target rosgraph_msgs_generate_messages_eus
[ 13%] Built target urcl_log_handler
[ 13%] Built target ur_dashboard_msgs_generate_messages_cpp
[ 13%] Built target sensor_msgs_generate_messages_lisp
[ 13%] Built target sensor_msgs_generate_messages_eus
[ 13%] Built target control_msgs_generate_messages_lisp
[ 13%] Built target std_msgs_generate_messages_lisp
[ 13%] Built target pass_through_controllers_gencfg
[ 13%] Built target std_srvs_generate_messages_cpp
[ 13%] Built target cartesian_control_msgs_generate_messages_py
[ 13%] Built target control_msgs_generate_messages_cpp
[ 13%] Built target roscpp_generate_messages_lisp
[ 13%] Built target controller_manager_msgs_generate_messages_lisp
[ 13%] Built target control_toolbox_generate_messages_nodejs
[ 13%] Built target ur_dashboard_msgs_generate_messages_lisp
[ 13%] Built target dynamic_reconfigure_generate_messages_py
[ 13%] Built target control_msgs_generate_messages_nodejs
[ 13%] Built target actionlib_msgs_generate_messages_eus
[ 13%] Built target control_msgs_generate_messages_py
[ 13%] Built target geometry_msgs_generate_messages_cpp
[ 13%] Built target ur_msgs_generate_messages_py
[ 13%] Built target geometry_msgs_generate_messages_lisp
[ 13%] Built target geometry_msgs_generate_messages_py
[ 13%] Built target trajectory_msgs_generate_messages_lisp
[ 13%] Built target actionlib_generate_messages_eus
[ 13%] Built target rosgraph_msgs_generate_messages_cpp
[ 13%] Built target trajectory_msgs_generate_messages_py
[ 13%] Built target controller_manager_msgs_generate_messages_cpp
[ 13%] Built target controller_manager_msgs_generate_messages_py
[ 13%] Built target actionlib_msgs_generate_messages_cpp
[ 13%] Built target roscpp_generate_messages_py
[ 13%] Built target trajectory_msgs_generate_messages_eus
[ 13%] Built target control_toolbox_generate_messages_eus
[ 13%] Built target control_toolbox_generate_messages_cpp
[ 13%] Built target control_toolbox_generate_messages_lisp
[ 13%] Built target dynamic_reconfigure_generate_messages_cpp
[ 13%] Built target geometry_msgs_generate_messages_nodejs
[ 46%] Built target robot_state_helper
[ 53%] Built target dashboard_client
[ 73%] Built target ur_robot_driver_plugin
[100%] Built target ur_robot_driver_node
