[35m[1mScanning dependencies of target cartesian_control_msgs_generate_messages_cpp[0m
[35m[1mScanning dependencies of target cartesian_control_msgs_generate_messages_lisp[0m
[35m[1mScanning dependencies of target ur_msgs_generate_messages_nodejs[0m
[35m[1mScanning dependencies of target ur_msgs_generate_messages_lisp[0m
[35m[1mScanning dependencies of target dynamic_reconfigure_generate_messages_eus[0m
[35m[1mScanning dependencies of target ur_msgs_generate_messages_eus[0m
[35m[1mScanning dependencies of target cartesian_control_msgs_generate_messages_nodejs[0m
[35m[1mScanning dependencies of target cartesian_control_msgs_generate_messages_eus[0m
[35m[1mScanning dependencies of target ur_msgs_generate_messages_cpp[0m
[  0%] Built target dynamic_reconfigure_generate_messages_eus
[  0%] Built target cartesian_control_msgs_generate_messages_lisp
[  0%] Built target cartesian_control_msgs_generate_messages_cpp
[  0%] Built target ur_msgs_generate_messages_lisp
[  0%] Built target cartesian_control_msgs_generate_messages_eus
[  0%] Built target ur_msgs_generate_messages_eus
[  0%] Built target cartesian_control_msgs_generate_messages_nodejs
[  0%] Built target ur_msgs_generate_messages_nodejs
[35m[1mScanning dependencies of target ur_dashboard_msgs_generate_messages_py[0m
[35m[1mScanning dependencies of target ur_dashboard_msgs_generate_messages_eus[0m
[35m[1mScanning dependencies of target tf_generate_messages_nodejs[0m
[35m[1mScanning dependencies of target tf2_msgs_generate_messages_nodejs[0m
[  0%] Built target ur_msgs_generate_messages_cpp
[35m[1mScanning dependencies of target std_srvs_generate_messages_nodejs[0m
[35m[1mScanning dependencies of target tf_generate_messages_lisp[0m
[35m[1mScanning dependencies of target tf2_msgs_generate_messages_lisp[0m
[  0%] Built target ur_dashboard_msgs_generate_messages_eus
[  0%] Built target ur_dashboard_msgs_generate_messages_py
[35m[1mScanning dependencies of target std_srvs_generate_messages_lisp[0m
[  0%] Built target tf2_msgs_generate_messages_nodejs
[35m[1mScanning dependencies of target std_srvs_generate_messages_eus[0m
[35m[1mScanning dependencies of target tf2_msgs_generate_messages_eus[0m
[  0%] Built target tf_generate_messages_lisp
[  0%] Built target std_srvs_generate_messages_nodejs
[35m[1mScanning dependencies of target sensor_msgs_generate_messages_nodejs[0m
[35m[1mScanning dependencies of target sensor_msgs_generate_messages_py[0m
[35m[1mScanning dependencies of target sensor_msgs_generate_messages_cpp[0m
[  0%] Built target tf2_msgs_generate_messages_lisp
[  0%] Built target tf_generate_messages_nodejs
[35m[1mScanning dependencies of target dynamic_reconfigure_gencfg[0m
[  0%] Built target std_srvs_generate_messages_lisp
[  0%] Built target std_srvs_generate_messages_eus
[  0%] Built target tf2_msgs_generate_messages_eus
[  0%] Built target sensor_msgs_generate_messages_py
[35m[1mScanning dependencies of target tf2_msgs_generate_messages_py[0m
[35m[1mScanning dependencies of target dynamic_reconfigure_generate_messages_nodejs[0m
[  0%] Built target sensor_msgs_generate_messages_nodejs
[  0%] Built target sensor_msgs_generate_messages_cpp
[  0%] Built target dynamic_reconfigure_gencfg
[35m[1mScanning dependencies of target dynamic_reconfigure_generate_messages_lisp[0m
[35m[1mScanning dependencies of target tf2_msgs_generate_messages_cpp[0m
[35m[1mScanning dependencies of target roscpp_generate_messages_eus[0m
[35m[1mScanning dependencies of target roscpp_generate_messages_cpp[0m
[35m[1mScanning dependencies of target control_toolbox_gencfg[0m
[  0%] Built target tf2_msgs_generate_messages_py
[  0%] Built target dynamic_reconfigure_generate_messages_nodejs
[35m[1mScanning dependencies of target std_msgs_generate_messages_nodejs[0m
[35m[1mScanning dependencies of target geometry_msgs_generate_messages_eus[0m
[  0%] Built target dynamic_reconfigure_generate_messages_lisp
[  0%] Built target roscpp_generate_messages_cpp
[  0%] Built target roscpp_generate_messages_eus
[  0%] Built target tf2_msgs_generate_messages_cpp
[  0%] Built target control_toolbox_gencfg
[35m[1mScanning dependencies of target controller_manager_msgs_generate_messages_nodejs[0m
[35m[1mScanning dependencies of target std_msgs_generate_messages_py[0m
[  0%] Built target std_msgs_generate_messages_nodejs
[  0%] Built target geometry_msgs_generate_messages_eus
[35m[1mScanning dependencies of target std_msgs_generate_messages_cpp[0m
[  0%] Built target std_msgs_generate_messages_py
[35m[1mScanning dependencies of target roscpp_generate_messages_nodejs[0m
[35m[1mScanning dependencies of target tf_generate_messages_eus[0m
[35m[1mScanning dependencies of target rosgraph_msgs_generate_messages_nodejs[0m
[35m[1mScanning dependencies of target ur_dashboard_msgs_generate_messages_nodejs[0m
[35m[1mScanning dependencies of target actionlib_msgs_generate_messages_py[0m
[35m[1mScanning dependencies of target actionlib_generate_messages_cpp[0m
[  0%] Built target controller_manager_msgs_generate_messages_nodejs
[  0%] Built target roscpp_generate_messages_nodejs
[  0%] Built target ur_dashboard_msgs_generate_messages_nodejs
[  0%] Built target actionlib_msgs_generate_messages_py
[  0%] Built target rosgraph_msgs_generate_messages_nodejs
[35m[1mScanning dependencies of target rosgraph_msgs_generate_messages_lisp[0m
[35m[1mScanning dependencies of target actionlib_generate_messages_py[0m
[  0%] Built target std_msgs_generate_messages_cpp
[  0%] Built target actionlib_generate_messages_cpp
[  0%] Built target tf_generate_messages_eus
[35m[1mScanning dependencies of target control_msgs_generate_messages_eus[0m
[  0%] Built target actionlib_generate_messages_py
[35m[1mScanning dependencies of target actionlib_generate_messages_nodejs[0m
[  0%] Built target rosgraph_msgs_generate_messages_lisp
[35m[1mScanning dependencies of target trajectory_msgs_generate_messages_nodejs[0m
[35m[1mScanning dependencies of target controller_manager_msgs_generate_messages_eus[0m
[  0%] Built target trajectory_msgs_generate_messages_nodejs
[35m[1mScanning dependencies of target actionlib_generate_messages_lisp[0m
[  0%] Built target actionlib_generate_messages_nodejs
[35m[1mScanning dependencies of target trajectory_msgs_generate_messages_cpp[0m
[35m[1mScanning dependencies of target control_toolbox_generate_messages_py[0m
[  0%] Built target controller_manager_msgs_generate_messages_eus
[35m[1mScanning dependencies of target tf_generate_messages_cpp[0m
[35m[1mScanning dependencies of target _catkin_empty_exported_target[0m
[  0%] Built target control_msgs_generate_messages_eus
[35m[1mScanning dependencies of target std_msgs_generate_messages_eus[0m
[35m[1mScanning dependencies of target rosgraph_msgs_generate_messages_py[0m
[35m[1mScanning dependencies of target tf_generate_messages_py[0m
[  0%] Built target actionlib_generate_messages_lisp
[  0%] Built target trajectory_msgs_generate_messages_cpp
[  0%] Built target _catkin_empty_exported_target
[  0%] Built target std_msgs_generate_messages_eus
[  0%] Built target rosgraph_msgs_generate_messages_py
[  0%] Built target tf_generate_messages_cpp
[  0%] Built target control_toolbox_generate_messages_py
[35m[1mScanning dependencies of target actionlib_msgs_generate_messages_nodejs[0m
[  0%] Built target tf_generate_messages_py
[35m[1mScanning dependencies of target std_srvs_generate_messages_py[0m
[35m[1mScanning dependencies of target actionlib_msgs_generate_messages_lisp[0m
[  0%] Built target std_srvs_generate_messages_py
[35m[1mScanning dependencies of target ur_dashboard_msgs_generate_messages_cpp[0m
[35m[1mScanning dependencies of target sensor_msgs_generate_messages_lisp[0m
[  0%] Built target actionlib_msgs_generate_messages_nodejs
[  0%] Built target actionlib_msgs_generate_messages_lisp
[35m[1mScanning dependencies of target sensor_msgs_generate_messages_eus[0m
[35m[1mScanning dependencies of target urcl_log_handler[0m
[35m[1mScanning dependencies of target rosgraph_msgs_generate_messages_eus[0m
[35m[1mScanning dependencies of target std_msgs_generate_messages_lisp[0m
[35m[1mScanning dependencies of target control_msgs_generate_messages_lisp[0m
[  6%] Built target rosgraph_msgs_generate_messages_eus
[  6%] [32mBuilding CXX object CMakeFiles/urcl_log_handler.dir/src/urcl_log_handler.cpp.o[0m
[35m[1mScanning dependencies of target pass_through_controllers_gencfg[0m
[35m[1mScanning dependencies of target std_srvs_generate_messages_cpp[0m
[  6%] Built target ur_dashboard_msgs_generate_messages_cpp
[35m[1mScanning dependencies of target cartesian_control_msgs_generate_messages_py[0m
[  6%] Built target std_msgs_generate_messages_lisp
[  6%] Built target sensor_msgs_generate_messages_lisp
[  6%] Built target sensor_msgs_generate_messages_eus
[  6%] Built target control_msgs_generate_messages_lisp
[  6%] Built target pass_through_controllers_gencfg
[  6%] Built target std_srvs_generate_messages_cpp
[  6%] Built target cartesian_control_msgs_generate_messages_py
[35m[1mScanning dependencies of target control_msgs_generate_messages_cpp[0m
[35m[1mScanning dependencies of target roscpp_generate_messages_lisp[0m
[35m[1mScanning dependencies of target controller_manager_msgs_generate_messages_lisp[0m
[35m[1mScanning dependencies of target dynamic_reconfigure_generate_messages_py[0m
[35m[1mScanning dependencies of target control_toolbox_generate_messages_nodejs[0m
[35m[1mScanning dependencies of target ur_dashboard_msgs_generate_messages_lisp[0m
[35m[1mScanning dependencies of target control_msgs_generate_messages_nodejs[0m
[35m[1mScanning dependencies of target actionlib_msgs_generate_messages_eus[0m
[35m[1mScanning dependencies of target control_msgs_generate_messages_py[0m
[  6%] Built target control_msgs_generate_messages_cpp
[  6%] Built target controller_manager_msgs_generate_messages_lisp
[  6%] Built target ur_dashboard_msgs_generate_messages_lisp
[  6%] Built target dynamic_reconfigure_generate_messages_py
[  6%] Built target roscpp_generate_messages_lisp
[  6%] Built target control_toolbox_generate_messages_nodejs
[  6%] Built target control_msgs_generate_messages_nodejs
[35m[1mScanning dependencies of target geometry_msgs_generate_messages_cpp[0m
[  6%] Built target control_msgs_generate_messages_py
[35m[1mScanning dependencies of target geometry_msgs_generate_messages_py[0m
[35m[1mScanning dependencies of target ur_msgs_generate_messages_py[0m
[35m[1mScanning dependencies of target geometry_msgs_generate_messages_lisp[0m
[  6%] Built target actionlib_msgs_generate_messages_eus
[35m[1mScanning dependencies of target actionlib_generate_messages_eus[0m
[35m[1mScanning dependencies of target trajectory_msgs_generate_messages_lisp[0m
[  6%] Built target ur_msgs_generate_messages_py
[  6%] Built target geometry_msgs_generate_messages_cpp
[35m[1mScanning dependencies of target trajectory_msgs_generate_messages_py[0m
[  6%] Built target geometry_msgs_generate_messages_lisp
[35m[1mScanning dependencies of target rosgraph_msgs_generate_messages_cpp[0m
[35m[1mScanning dependencies of target controller_manager_msgs_generate_messages_cpp[0m
[  6%] Built target actionlib_generate_messages_eus
[  6%] Built target trajectory_msgs_generate_messages_lisp
[35m[1mScanning dependencies of target actionlib_msgs_generate_messages_cpp[0m
[35m[1mScanning dependencies of target trajectory_msgs_generate_messages_eus[0m
[  6%] Built target trajectory_msgs_generate_messages_py
[  6%] Built target rosgraph_msgs_generate_messages_cpp
[35m[1mScanning dependencies of target controller_manager_msgs_generate_messages_py[0m
[  6%] Built target geometry_msgs_generate_messages_py
[  6%] Built target controller_manager_msgs_generate_messages_cpp
[  6%] Built target actionlib_msgs_generate_messages_cpp
[  6%] Built target trajectory_msgs_generate_messages_eus
[35m[1mScanning dependencies of target control_toolbox_generate_messages_cpp[0m
[  6%] Built target controller_manager_msgs_generate_messages_py
[35m[1mScanning dependencies of target control_toolbox_generate_messages_lisp[0m
[35m[1mScanning dependencies of target dynamic_reconfigure_generate_messages_cpp[0m
[35m[1mScanning dependencies of target geometry_msgs_generate_messages_nodejs[0m
[35m[1mScanning dependencies of target roscpp_generate_messages_py[0m
[35m[1mScanning dependencies of target control_toolbox_generate_messages_eus[0m
[  6%] Built target control_toolbox_generate_messages_cpp
[  6%] Built target control_toolbox_generate_messages_lisp
[  6%] Built target geometry_msgs_generate_messages_nodejs
[  6%] Built target dynamic_reconfigure_generate_messages_cpp
[  6%] Built target roscpp_generate_messages_py
[  6%] Built target control_toolbox_generate_messages_eus
[35m[1mScanning dependencies of target robot_state_helper[0m
[35m[1mScanning dependencies of target ur_robot_driver_plugin[0m
[ 20%] [32mBuilding CXX object CMakeFiles/robot_state_helper.dir/src/robot_state_helper.cpp.o[0m
[ 20%] [32mBuilding CXX object CMakeFiles/robot_state_helper.dir/src/robot_state_helper_node.cpp.o[0m
[ 26%] [32mBuilding CXX object CMakeFiles/ur_robot_driver_plugin.dir/src/dashboard_client_ros.cpp.o[0m
[ 33%] [32mBuilding CXX object CMakeFiles/ur_robot_driver_plugin.dir/src/hardware_interface.cpp.o[0m
[ 40%] [32m[1mLinking CXX shared library /home/thtstation1/thtr_bachelor_ws/devel/.private/ur_robot_driver/lib/liburcl_log_handler.so[0m
[ 40%] Built target urcl_log_handler
[35m[1mScanning dependencies of target dashboard_client[0m
[35m[1mScanning dependencies of target ur_robot_driver_node[0m
[ 46%] [32mBuilding CXX object CMakeFiles/dashboard_client.dir/src/dashboard_client_ros.cpp.o[0m
[ 53%] [32mBuilding CXX object CMakeFiles/dashboard_client.dir/src/dashboard_client_node.cpp.o[0m
[ 66%] [32mBuilding CXX object CMakeFiles/ur_robot_driver_node.dir/src/hardware_interface.cpp.o[0m
[ 66%] [32mBuilding CXX object CMakeFiles/ur_robot_driver_node.dir/src/dashboard_client_ros.cpp.o[0m
[ 73%] [32mBuilding CXX object CMakeFiles/ur_robot_driver_node.dir/src/hardware_interface_node.cpp.o[0m
In file included from [01m[K/home/thtstation1/thtr_bachelor_ws/src/Universal_Robots_ROS_Driver/ur_robot_driver/src/hardware_interface.cpp:30[m[K:
[01m[K/home/thtstation1/thtr_bachelor_ws/src/Universal_Robots_ROS_Driver/ur_robot_driver/include/ur_robot_driver/hardware_interface.h:[m[K In constructor ‘[01m[Kur_driver::HardwareInterface::HardwareInterface()[m[K’:
[01m[K/home/thtstation1/thtr_bachelor_ws/src/Universal_Robots_ROS_Driver/ur_robot_driver/include/ur_robot_driver/hardware_interface.h:283:20:[m[K [01;35m[Kwarning: [m[K‘[01m[Kur_driver::HardwareInterface::cartesian_pose_command_[m[K’ will be initialized after [[01;35m[K-Wreorder[m[K]
  283 |   urcl::vector6d_t [01;35m[Kcartesian_pose_command_[m[K;
      |                    [01;35m[K^~~~~~~~~~~~~~~~~~~~~~~[m[K
[01m[K/home/thtstation1/thtr_bachelor_ws/src/Universal_Robots_ROS_Driver/ur_robot_driver/include/ur_robot_driver/hardware_interface.h:272:20:[m[K [01;35m[Kwarning: [m[K  ‘[01m[Kurcl::vector6d_t ur_driver::HardwareInterface::joint_positions_[m[K’ [[01;35m[K-Wreorder[m[K]
  272 |   urcl::vector6d_t [01;35m[Kjoint_positions_[m[K;
      |                    [01;35m[K^~~~~~~~~~~~~~~~[m[K
[01m[K/home/thtstation1/thtr_bachelor_ws/src/Universal_Robots_ROS_Driver/ur_robot_driver/src/hardware_interface.cpp:58:1:[m[K [01;35m[Kwarning: [m[K  when initialized here [[01;35m[K-Wreorder[m[K]
   58 | [01;35m[KHardwareInterface[m[K::HardwareInterface()
      | [01;35m[K^~~~~~~~~~~~~~~~~[m[K
In file included from [01m[K/home/thtstation1/thtr_bachelor_ws/src/Universal_Robots_ROS_Driver/ur_robot_driver/src/hardware_interface.cpp:30[m[K:
[01m[K/home/thtstation1/thtr_bachelor_ws/src/Universal_Robots_ROS_Driver/ur_robot_driver/include/ur_robot_driver/hardware_interface.h:[m[K In constructor ‘[01m[Kur_driver::HardwareInterface::HardwareInterface()[m[K’:
[01m[K/home/thtstation1/thtr_bachelor_ws/src/Universal_Robots_ROS_Driver/ur_robot_driver/include/ur_robot_driver/hardware_interface.h:283:20:[m[K [01;35m[Kwarning: [m[K‘[01m[Kur_driver::HardwareInterface::cartesian_pose_command_[m[K’ will be initialized after [[01;35m[K-Wreorder[m[K]
  283 |   urcl::vector6d_t [01;35m[Kcartesian_pose_command_[m[K;
      |                    [01;35m[K^~~~~~~~~~~~~~~~~~~~~~~[m[K
[01m[K/home/thtstation1/thtr_bachelor_ws/src/Universal_Robots_ROS_Driver/ur_robot_driver/include/ur_robot_driver/hardware_interface.h:272:20:[m[K [01;35m[Kwarning: [m[K  ‘[01m[Kurcl::vector6d_t ur_driver::HardwareInterface::joint_positions_[m[K’ [[01;35m[K-Wreorder[m[K]
  272 |   urcl::vector6d_t [01;35m[Kjoint_positions_[m[K;
      |                    [01;35m[K^~~~~~~~~~~~~~~~[m[K
[01m[K/home/thtstation1/thtr_bachelor_ws/src/Universal_Robots_ROS_Driver/ur_robot_driver/src/hardware_interface.cpp:58:1:[m[K [01;35m[Kwarning: [m[K  when initialized here [[01;35m[K-Wreorder[m[K]
   58 | [01;35m[KHardwareInterface[m[K::HardwareInterface()
      | [01;35m[K^~~~~~~~~~~~~~~~~[m[K
[ 80%] [32m[1mLinking CXX executable /home/thtstation1/thtr_bachelor_ws/devel/.private/ur_robot_driver/lib/ur_robot_driver/robot_state_helper[0m
[ 80%] Built target robot_state_helper
[ 86%] [32m[1mLinking CXX executable /home/thtstation1/thtr_bachelor_ws/devel/.private/ur_robot_driver/lib/ur_robot_driver/dashboard_client[0m
[ 86%] Built target dashboard_client
[ 93%] [32m[1mLinking CXX executable /home/thtstation1/thtr_bachelor_ws/devel/.private/ur_robot_driver/lib/ur_robot_driver/ur_robot_driver_node[0m
[100%] [32m[1mLinking CXX shared library /home/thtstation1/thtr_bachelor_ws/devel/.private/ur_robot_driver/lib/libur_robot_driver_plugin.so[0m
[100%] Built target ur_robot_driver_plugin
[100%] Built target ur_robot_driver_node
