[35m[1mScanning dependencies of target stereo_view[0m
[35m[1mScanning dependencies of target disparity_view[0m
[35m[1mScanning dependencies of target image_view_gencfg[0m
[35m[1mScanning dependencies of target video_recorder[0m
[  5%] [34m[1mGenerating dynamic reconfigure files from cfg/ImageView.cfg: /home/thtstation1/thtr_bachelor_ws/devel/.private/image_view/include/image_view/ImageViewConfig.h /home/thtstation1/thtr_bachelor_ws/devel/.private/image_view/lib/python3/dist-packages/image_view/cfg/ImageViewConfig.py[0m
[ 11%] [32mBuilding CXX object CMakeFiles/disparity_view.dir/src/nodes/disparity_view.cpp.o[0m
[35m[1mScanning dependencies of target extract_images[0m
[ 17%] [32mBuilding CXX object CMakeFiles/video_recorder.dir/src/nodes/video_recorder.cpp.o[0m
[35m[1mScanning dependencies of target image_saver[0m
[ 23%] [32mBuilding CXX object CMakeFiles/stereo_view.dir/src/nodes/stereo_view.cpp.o[0m
[ 29%] [32mBuilding CXX object CMakeFiles/extract_images.dir/src/nodes/extract_images.cpp.o[0m
Generating reconfiguration files for ImageView in image_view
Wrote header file in /home/thtstation1/thtr_bachelor_ws/devel/.private/image_view/include/image_view/ImageViewConfig.h
[ 35%] [32mBuilding CXX object CMakeFiles/image_saver.dir/src/nodes/image_saver.cpp.o[0m
[ 35%] Built target image_view_gencfg
[35m[1mScanning dependencies of target image_view_exe[0m
[ 41%] [32mBuilding CXX object CMakeFiles/image_view_exe.dir/src/nodes/image_view.cpp.o[0m
[35m[1mScanning dependencies of target image_view[0m
[ 47%] [32mBuilding CXX object CMakeFiles/image_view.dir/src/nodelets/image_nodelet.cpp.o[0m
[ 52%] [32mBuilding CXX object CMakeFiles/image_view.dir/src/nodelets/disparity_nodelet.cpp.o[0m
[ 58%] [32mBuilding CXX object CMakeFiles/image_view.dir/src/nodelets/window_thread.cpp.o[0m
[ 64%] [32m[1mLinking CXX executable /home/thtstation1/thtr_bachelor_ws/devel/.private/image_view/lib/image_view/image_view[0m
[ 70%] [32m[1mLinking CXX executable /home/thtstation1/thtr_bachelor_ws/devel/.private/image_view/lib/image_view/disparity_view[0m
[ 70%] Built target image_view_exe
[ 70%] Built target disparity_view
[ 76%] [32m[1mLinking CXX executable /home/thtstation1/thtr_bachelor_ws/devel/.private/image_view/lib/image_view/video_recorder[0m
[ 82%] [32m[1mLinking CXX executable /home/thtstation1/thtr_bachelor_ws/devel/.private/image_view/lib/image_view/image_saver[0m
[ 88%] [32m[1mLinking CXX executable /home/thtstation1/thtr_bachelor_ws/devel/.private/image_view/lib/image_view/extract_images[0m
[ 88%] Built target video_recorder
[ 88%] Built target image_saver
[ 88%] Built target extract_images
[ 94%] [32m[1mLinking CXX shared library /home/thtstation1/thtr_bachelor_ws/devel/.private/image_view/lib/libimage_view.so[0m
[ 94%] Built target image_view
[100%] [32m[1mLinking CXX executable /home/thtstation1/thtr_bachelor_ws/devel/.private/image_view/lib/image_view/stereo_view[0m
[100%] Built target stereo_view
